OPTION: 'agent' = 'mc_aixi_ctw'
OPTION: 'agent-horizon' = '4'
OPTION: 'ct-depth' = '2'
OPTION: 'environment' = 'coin_flip'
OPTION: 'exploration' = '0.5'
OPTION: 'explore-decay' = '0.995'
OPTION: 'learning-period' = '200'
OPTION: 'mc-simulations' = '300'
OPTION: 'profile' = 'False'
OPTION: 'terminate-age' = '400'
OPTION: 'verbose' = 'True'
OPTION: 'coin-flip-p' = '1'
cycle, observation, reward, action, explored, explore_rate, total reward, average reward, time, model size
Agent is trying to choose the best action, which may take some time...
1, 1, 0, 1, False, 0.500000, 0, 0.000000, 0:00:00.222646, 1
cycle: 1
average reward: 0.000000
explore rate: 0.500000

prediction: heads, observation: heads, reward: 1
Agent is trying an action at random...
2, 1, 1, 1, True, 0.497500, 1, 0.500000, 0:00:00.000054, 1
cycle: 2
average reward: 0.500000
explore rate: 0.497500

prediction: heads, observation: heads, reward: 1
Agent is trying to choose the best action, which may take some time...
3, 1, 1, 0, False, 0.495013, 2, 0.666667, 0:00:00.228217, 1
cycle: 3
average reward: 0.666667
explore rate: 0.495013

prediction: tails, observation: heads, reward: 0
Agent is trying to choose the best action, which may take some time...
4, 1, 0, 0, False, 0.492537, 2, 0.500000, 0:00:00.235686, 1
cycle: 4
average reward: 0.500000
explore rate: 0.492537

prediction: tails, observation: heads, reward: 0
Agent is trying an action at random...
5, 1, 0, 1, True, 0.490075, 2, 0.400000, 0:00:00.000060, 1
cycle: 5
average reward: 0.400000
explore rate: 0.490075

prediction: heads, observation: heads, reward: 1
Agent is trying to choose the best action, which may take some time...
6, 1, 1, 1, False, 0.487624, 3, 0.500000, 0:00:00.228618, 1
cycle: 6
average reward: 0.500000
explore rate: 0.487624

prediction: heads, observation: heads, reward: 1
Agent is trying to choose the best action, which may take some time...
7, 1, 1, 0, False, 0.485186, 4, 0.571429, 0:00:00.220809, 1
cycle: 7
average reward: 0.571429
explore rate: 0.485186

prediction: tails, observation: heads, reward: 0
Agent is trying an action at random...
8, 1, 0, 1, True, 0.482760, 4, 0.500000, 0:00:00.000050, 1
cycle: 8
average reward: 0.500000
explore rate: 0.482760

prediction: heads, observation: heads, reward: 1
Agent is trying to choose the best action, which may take some time...
9, 1, 1, 1, False, 0.480347, 5, 0.555556, 0:00:00.234234, 1
cycle: 9
average reward: 0.555556
explore rate: 0.480347

prediction: heads, observation: heads, reward: 1
Agent is trying to choose the best action, which may take some time...
10, 1, 1, 1, False, 0.477945, 6, 0.600000, 0:00:00.245507, 1
cycle: 10
average reward: 0.600000
explore rate: 0.477945

prediction: heads, observation: heads, reward: 1
Agent is trying to choose the best action, which may take some time...
11, 1, 1, 1, False, 0.475555, 7, 0.636364, 0:00:00.222578, 1
cycle: 11
average reward: 0.636364
explore rate: 0.475555

prediction: heads, observation: heads, reward: 1
Agent is trying to choose the best action, which may take some time...
12, 1, 1, 1, False, 0.473177, 8, 0.666667, 0:00:00.220238, 1
cycle: 12
average reward: 0.666667
explore rate: 0.473177

prediction: heads, observation: heads, reward: 1
Agent is trying an action at random...
13, 1, 1, 1, True, 0.470811, 9, 0.692308, 0:00:00.000048, 1
cycle: 13
average reward: 0.692308
explore rate: 0.470811

prediction: heads, observation: heads, reward: 1
Agent is trying an action at random...
14, 1, 1, 0, True, 0.468457, 10, 0.714286, 0:00:00.000047, 1
cycle: 14
average reward: 0.714286
explore rate: 0.468457

prediction: tails, observation: heads, reward: 0
Agent is trying an action at random...
15, 1, 0, 1, True, 0.466115, 10, 0.666667, 0:00:00.000043, 1
cycle: 15
average reward: 0.666667
explore rate: 0.466115

prediction: heads, observation: heads, reward: 1
Agent is trying to choose the best action, which may take some time...
16, 1, 1, 1, False, 0.463784, 11, 0.687500, 0:00:00.221187, 1
cycle: 16
average reward: 0.687500
explore rate: 0.463784

prediction: heads, observation: heads, reward: 1
Agent is trying an action at random...
17, 1, 1, 1, True, 0.461466, 12, 0.705882, 0:00:00.000050, 1
cycle: 17
average reward: 0.705882
explore rate: 0.461466

prediction: heads, observation: heads, reward: 1
Agent is trying an action at random...
18, 1, 1, 0, True, 0.459158, 13, 0.722222, 0:00:00.000045, 1
cycle: 18
average reward: 0.722222
explore rate: 0.459158

prediction: tails, observation: heads, reward: 0
Agent is trying to choose the best action, which may take some time...
19, 1, 0, 1, False, 0.456862, 13, 0.684211, 0:00:00.225294, 1
cycle: 19
average reward: 0.684211
explore rate: 0.456862

prediction: heads, observation: heads, reward: 1
Agent is trying an action at random...
20, 1, 1, 1, True, 0.454578, 14, 0.700000, 0:00:00.000050, 1
cycle: 20
average reward: 0.700000
explore rate: 0.454578

prediction: heads, observation: heads, reward: 1
Agent is trying to choose the best action, which may take some time...
21, 1, 1, 1, False, 0.452305, 15, 0.714286, 0:00:00.231806, 1
cycle: 21
average reward: 0.714286
explore rate: 0.452305

prediction: heads, observation: heads, reward: 1
Agent is trying to choose the best action, which may take some time...
22, 1, 1, 0, False, 0.450044, 16, 0.727273, 0:00:00.230732, 1
cycle: 22
average reward: 0.727273
explore rate: 0.450044

prediction: tails, observation: heads, reward: 0
Agent is trying an action at random...
23, 1, 0, 1, True, 0.447793, 16, 0.695652, 0:00:00.000059, 1
cycle: 23
average reward: 0.695652
explore rate: 0.447793

prediction: heads, observation: heads, reward: 1
Agent is trying an action at random...
24, 1, 1, 1, True, 0.445555, 17, 0.708333, 0:00:00.000047, 1
cycle: 24
average reward: 0.708333
explore rate: 0.445555

prediction: heads, observation: heads, reward: 1
Agent is trying to choose the best action, which may take some time...
25, 1, 1, 1, False, 0.443327, 18, 0.720000, 0:00:00.238159, 1
cycle: 25
average reward: 0.720000
explore rate: 0.443327

prediction: heads, observation: heads, reward: 1
Agent is trying an action at random...
26, 1, 1, 0, True, 0.441110, 19, 0.730769, 0:00:00.000060, 1
cycle: 26
average reward: 0.730769
explore rate: 0.441110

prediction: tails, observation: heads, reward: 0
Agent is trying to choose the best action, which may take some time...
27, 1, 0, 1, False, 0.438905, 19, 0.703704, 0:00:00.225154, 1
cycle: 27
average reward: 0.703704
explore rate: 0.438905

prediction: heads, observation: heads, reward: 1
Agent is trying to choose the best action, which may take some time...
28, 1, 1, 1, False, 0.436710, 20, 0.714286, 0:00:00.227298, 1
cycle: 28
average reward: 0.714286
explore rate: 0.436710

prediction: heads, observation: heads, reward: 1
Agent is trying to choose the best action, which may take some time...
29, 1, 1, 0, False, 0.434526, 21, 0.724138, 0:00:00.225566, 1
cycle: 29
average reward: 0.724138
explore rate: 0.434526

prediction: tails, observation: heads, reward: 0
Agent is trying an action at random...
30, 1, 0, 1, True, 0.432354, 21, 0.700000, 0:00:00.000054, 1
cycle: 30
average reward: 0.700000
explore rate: 0.432354

prediction: heads, observation: heads, reward: 1
Agent is trying to choose the best action, which may take some time...
31, 1, 1, 0, False, 0.430192, 22, 0.709677, 0:00:00.236377, 1
cycle: 31
average reward: 0.709677
explore rate: 0.430192

prediction: tails, observation: heads, reward: 0
Agent is trying an action at random...
32, 1, 0, 0, True, 0.428041, 22, 0.687500, 0:00:00.000048, 1
cycle: 32
average reward: 0.687500
explore rate: 0.428041

prediction: tails, observation: heads, reward: 0
Agent is trying to choose the best action, which may take some time...
33, 1, 0, 0, False, 0.425901, 22, 0.666667, 0:00:00.231618, 1
cycle: 33
average reward: 0.666667
explore rate: 0.425901

prediction: tails, observation: heads, reward: 0
Agent is trying to choose the best action, which may take some time...
34, 1, 0, 1, False, 0.423771, 22, 0.647059, 0:00:00.222482, 1
cycle: 34
average reward: 0.647059
explore rate: 0.423771

prediction: heads, observation: heads, reward: 1
Agent is trying an action at random...
35, 1, 1, 1, True, 0.421653, 23, 0.657143, 0:00:00.000076, 1
cycle: 35
average reward: 0.657143
explore rate: 0.421653

prediction: heads, observation: heads, reward: 1
Agent is trying to choose the best action, which may take some time...
36, 1, 1, 1, False, 0.419544, 24, 0.666667, 0:00:00.243647, 1
cycle: 36
average reward: 0.666667
explore rate: 0.419544

prediction: heads, observation: heads, reward: 1
Agent is trying to choose the best action, which may take some time...
37, 1, 1, 1, False, 0.417447, 25, 0.675676, 0:00:00.227468, 1
cycle: 37
average reward: 0.675676
explore rate: 0.417447

prediction: heads, observation: heads, reward: 1
Agent is trying an action at random...
38, 1, 1, 1, True, 0.415359, 26, 0.684211, 0:00:00.000052, 1
cycle: 38
average reward: 0.684211
explore rate: 0.415359

prediction: heads, observation: heads, reward: 1
Agent is trying an action at random...
39, 1, 1, 1, True, 0.413283, 27, 0.692308, 0:00:00.000044, 1
cycle: 39
average reward: 0.692308
explore rate: 0.413283

prediction: heads, observation: heads, reward: 1
Agent is trying an action at random...
40, 1, 1, 1, True, 0.411216, 28, 0.700000, 0:00:00.000043, 1
cycle: 40
average reward: 0.700000
explore rate: 0.411216

prediction: heads, observation: heads, reward: 1
Agent is trying to choose the best action, which may take some time...
41, 1, 1, 0, False, 0.409160, 29, 0.707317, 0:00:00.227076, 1
cycle: 41
average reward: 0.707317
explore rate: 0.409160

prediction: tails, observation: heads, reward: 0
Agent is trying to choose the best action, which may take some time...
42, 1, 0, 0, False, 0.407114, 29, 0.690476, 0:00:00.223943, 1
cycle: 42
average reward: 0.690476
explore rate: 0.407114

prediction: tails, observation: heads, reward: 0
Agent is trying to choose the best action, which may take some time...
43, 1, 0, 0, False, 0.405079, 29, 0.674419, 0:00:00.224864, 1
cycle: 43
average reward: 0.674419
explore rate: 0.405079

prediction: tails, observation: heads, reward: 0
Agent is trying an action at random...
44, 1, 0, 1, True, 0.403053, 29, 0.659091, 0:00:00.000052, 1
cycle: 44
average reward: 0.659091
explore rate: 0.403053

prediction: heads, observation: heads, reward: 1
Agent is trying an action at random...
45, 1, 1, 1, True, 0.401038, 30, 0.666667, 0:00:00.000046, 1
cycle: 45
average reward: 0.666667
explore rate: 0.401038

prediction: heads, observation: heads, reward: 1
Agent is trying an action at random...
46, 1, 1, 0, True, 0.399033, 31, 0.673913, 0:00:00.000046, 1
cycle: 46
average reward: 0.673913
explore rate: 0.399033

prediction: tails, observation: heads, reward: 0
Agent is trying an action at random...
47, 1, 0, 1, True, 0.397038, 31, 0.659574, 0:00:00.000043, 1
cycle: 47
average reward: 0.659574
explore rate: 0.397038

prediction: heads, observation: heads, reward: 1
Agent is trying to choose the best action, which may take some time...
48, 1, 1, 0, False, 0.395052, 32, 0.666667, 0:00:00.223210, 1
cycle: 48
average reward: 0.666667
explore rate: 0.395052

prediction: tails, observation: heads, reward: 0
Agent is trying to choose the best action, which may take some time...
49, 1, 0, 1, False, 0.393077, 32, 0.653061, 0:00:00.243260, 1
cycle: 49
average reward: 0.653061
explore rate: 0.393077

prediction: heads, observation: heads, reward: 1
Agent is trying an action at random...
50, 1, 1, 1, True, 0.391112, 33, 0.660000, 0:00:00.000049, 1
cycle: 50
average reward: 0.660000
explore rate: 0.391112

prediction: heads, observation: heads, reward: 1
Agent is trying an action at random...
51, 1, 1, 1, True, 0.389156, 34, 0.666667, 0:00:00.000045, 1
cycle: 51
average reward: 0.666667
explore rate: 0.389156

prediction: heads, observation: heads, reward: 1
Agent is trying an action at random...
52, 1, 1, 0, True, 0.387210, 35, 0.673077, 0:00:00.000043, 1
cycle: 52
average reward: 0.673077
explore rate: 0.387210

prediction: tails, observation: heads, reward: 0
Agent is trying an action at random...
53, 1, 0, 0, True, 0.385274, 35, 0.660377, 0:00:00.000044, 1
cycle: 53
average reward: 0.660377
explore rate: 0.385274

prediction: tails, observation: heads, reward: 0
Agent is trying an action at random...
54, 1, 0, 0, True, 0.383348, 35, 0.648148, 0:00:00.000043, 1
cycle: 54
average reward: 0.648148
explore rate: 0.383348

prediction: tails, observation: heads, reward: 0
Agent is trying to choose the best action, which may take some time...
55, 1, 0, 1, False, 0.381431, 35, 0.636364, 0:00:00.226005, 1
cycle: 55
average reward: 0.636364
explore rate: 0.381431

prediction: heads, observation: heads, reward: 1
Agent is trying an action at random...
56, 1, 1, 1, True, 0.379524, 36, 0.642857, 0:00:00.000050, 1
cycle: 56
average reward: 0.642857
explore rate: 0.379524

prediction: heads, observation: heads, reward: 1
Agent is trying an action at random...
57, 1, 1, 0, True, 0.377627, 37, 0.649123, 0:00:00.000048, 1
cycle: 57
average reward: 0.649123
explore rate: 0.377627

prediction: tails, observation: heads, reward: 0
Agent is trying an action at random...
58, 1, 0, 0, True, 0.375738, 37, 0.637931, 0:00:00.000043, 1
cycle: 58
average reward: 0.637931
explore rate: 0.375738

prediction: tails, observation: heads, reward: 0
Agent is trying to choose the best action, which may take some time...
59, 1, 0, 1, False, 0.373860, 37, 0.627119, 0:00:00.232462, 1
cycle: 59
average reward: 0.627119
explore rate: 0.373860

prediction: heads, observation: heads, reward: 1
Agent is trying an action at random...
60, 1, 1, 0, True, 0.371990, 38, 0.633333, 0:00:00.000054, 1
cycle: 60
average reward: 0.633333
explore rate: 0.371990

prediction: tails, observation: heads, reward: 0
Agent is trying an action at random...
61, 1, 0, 0, True, 0.370130, 38, 0.622951, 0:00:00.000047, 1
cycle: 61
average reward: 0.622951
explore rate: 0.370130

prediction: tails, observation: heads, reward: 0
Agent is trying an action at random...
62, 1, 0, 0, True, 0.368280, 38, 0.612903, 0:00:00.000045, 1
cycle: 62
average reward: 0.612903
explore rate: 0.368280

prediction: tails, observation: heads, reward: 0
Agent is trying to choose the best action, which may take some time...
63, 1, 0, 1, False, 0.366438, 38, 0.603175, 0:00:00.228236, 1
cycle: 63
average reward: 0.603175
explore rate: 0.366438

prediction: heads, observation: heads, reward: 1
Agent is trying an action at random...
64, 1, 1, 1, True, 0.364606, 39, 0.609375, 0:00:00.000050, 1
cycle: 64
average reward: 0.609375
explore rate: 0.364606

prediction: heads, observation: heads, reward: 1
Agent is trying to choose the best action, which may take some time...
65, 1, 1, 0, False, 0.362783, 40, 0.615385, 0:00:00.241454, 1
cycle: 65
average reward: 0.615385
explore rate: 0.362783

prediction: tails, observation: heads, reward: 0
Agent is trying an action at random...
66, 1, 0, 1, True, 0.360969, 40, 0.606061, 0:00:00.000051, 1
cycle: 66
average reward: 0.606061
explore rate: 0.360969

prediction: heads, observation: heads, reward: 1
Agent is trying to choose the best action, which may take some time...
67, 1, 1, 1, False, 0.359164, 41, 0.611940, 0:00:00.226801, 1
cycle: 67
average reward: 0.611940
explore rate: 0.359164

prediction: heads, observation: heads, reward: 1
Agent is trying to choose the best action, which may take some time...
68, 1, 1, 1, False, 0.357369, 42, 0.617647, 0:00:00.230772, 1
cycle: 68
average reward: 0.617647
explore rate: 0.357369

prediction: heads, observation: heads, reward: 1
Agent is trying to choose the best action, which may take some time...
69, 1, 1, 0, False, 0.355582, 43, 0.623188, 0:00:00.239513, 1
cycle: 69
average reward: 0.623188
explore rate: 0.355582

prediction: tails, observation: heads, reward: 0
Agent is trying to choose the best action, which may take some time...
70, 1, 0, 1, False, 0.353804, 43, 0.614286, 0:00:00.227193, 1
cycle: 70
average reward: 0.614286
explore rate: 0.353804

prediction: heads, observation: heads, reward: 1
Agent is trying to choose the best action, which may take some time...
71, 1, 1, 1, False, 0.352035, 44, 0.619718, 0:00:00.237587, 1
cycle: 71
average reward: 0.619718
explore rate: 0.352035

prediction: heads, observation: heads, reward: 1
Agent is trying an action at random...
72, 1, 1, 1, True, 0.350275, 45, 0.625000, 0:00:00.000200, 1
cycle: 72
average reward: 0.625000
explore rate: 0.350275

prediction: heads, observation: heads, reward: 1
Agent is trying an action at random...
73, 1, 1, 0, True, 0.348523, 46, 0.630137, 0:00:00.000055, 1
cycle: 73
average reward: 0.630137
explore rate: 0.348523

prediction: tails, observation: heads, reward: 0
Agent is trying to choose the best action, which may take some time...
74, 1, 0, 0, False, 0.346781, 46, 0.621622, 0:00:00.233470, 1
cycle: 74
average reward: 0.621622
explore rate: 0.346781

prediction: tails, observation: heads, reward: 0
Agent is trying to choose the best action, which may take some time...
75, 1, 0, 0, False, 0.345047, 46, 0.613333, 0:00:00.235650, 1
cycle: 75
average reward: 0.613333
explore rate: 0.345047

prediction: tails, observation: heads, reward: 0
Agent is trying to choose the best action, which may take some time...
76, 1, 0, 0, False, 0.343322, 46, 0.605263, 0:00:00.229710, 1
cycle: 76
average reward: 0.605263
explore rate: 0.343322

prediction: tails, observation: heads, reward: 0
Agent is trying an action at random...
77, 1, 0, 1, True, 0.341605, 46, 0.597403, 0:00:00.000057, 1
cycle: 77
average reward: 0.597403
explore rate: 0.341605

prediction: heads, observation: heads, reward: 1
Agent is trying to choose the best action, which may take some time...
78, 1, 1, 1, False, 0.339897, 47, 0.602564, 0:00:00.249078, 1
cycle: 78
average reward: 0.602564
explore rate: 0.339897

prediction: heads, observation: heads, reward: 1
Agent is trying to choose the best action, which may take some time...
79, 1, 1, 1, False, 0.338197, 48, 0.607595, 0:00:00.235689, 1
cycle: 79
average reward: 0.607595
explore rate: 0.338197

prediction: heads, observation: heads, reward: 1
Agent is trying an action at random...
80, 1, 1, 0, True, 0.336506, 49, 0.612500, 0:00:00.000060, 1
cycle: 80
average reward: 0.612500
explore rate: 0.336506

prediction: tails, observation: heads, reward: 0
Agent is trying to choose the best action, which may take some time...
81, 1, 0, 1, False, 0.334824, 49, 0.604938, 0:00:00.226501, 1
cycle: 81
average reward: 0.604938
explore rate: 0.334824

prediction: heads, observation: heads, reward: 1
Agent is trying to choose the best action, which may take some time...
82, 1, 1, 0, False, 0.333150, 50, 0.609756, 0:00:00.231262, 1
cycle: 82
average reward: 0.609756
explore rate: 0.333150

prediction: tails, observation: heads, reward: 0
Agent is trying to choose the best action, which may take some time...
83, 1, 0, 1, False, 0.331484, 50, 0.602410, 0:00:00.233710, 1
cycle: 83
average reward: 0.602410
explore rate: 0.331484

prediction: heads, observation: heads, reward: 1
Agent is trying to choose the best action, which may take some time...
84, 1, 1, 1, False, 0.329827, 51, 0.607143, 0:00:00.227713, 1
cycle: 84
average reward: 0.607143
explore rate: 0.329827

prediction: heads, observation: heads, reward: 1
Agent is trying to choose the best action, which may take some time...
85, 1, 1, 1, False, 0.328177, 52, 0.611765, 0:00:00.225440, 1
cycle: 85
average reward: 0.611765
explore rate: 0.328177

prediction: heads, observation: heads, reward: 1
Agent is trying to choose the best action, which may take some time...
86, 1, 1, 1, False, 0.326537, 53, 0.616279, 0:00:00.226405, 1
cycle: 86
average reward: 0.616279
explore rate: 0.326537

prediction: heads, observation: heads, reward: 1
Agent is trying to choose the best action, which may take some time...
87, 1, 1, 1, False, 0.324904, 54, 0.620690, 0:00:00.246553, 1
cycle: 87
average reward: 0.620690
explore rate: 0.324904

prediction: heads, observation: heads, reward: 1
Agent is trying to choose the best action, which may take some time...
88, 1, 1, 1, False, 0.323279, 55, 0.625000, 0:00:00.224787, 1
cycle: 88
average reward: 0.625000
explore rate: 0.323279

prediction: heads, observation: heads, reward: 1
Agent is trying to choose the best action, which may take some time...
89, 1, 1, 1, False, 0.321663, 56, 0.629213, 0:00:00.225666, 1
cycle: 89
average reward: 0.629213
explore rate: 0.321663

prediction: heads, observation: heads, reward: 1
Agent is trying to choose the best action, which may take some time...
90, 1, 1, 1, False, 0.320055, 57, 0.633333, 0:00:00.226390, 1
cycle: 90
average reward: 0.633333
explore rate: 0.320055

prediction: heads, observation: heads, reward: 1
Agent is trying to choose the best action, which may take some time...
91, 1, 1, 0, False, 0.318454, 58, 0.637363, 0:00:00.240547, 1
cycle: 91
average reward: 0.637363
explore rate: 0.318454

prediction: tails, observation: heads, reward: 0
Agent is trying to choose the best action, which may take some time...
92, 1, 0, 1, False, 0.316862, 58, 0.630435, 0:00:00.232708, 1
cycle: 92
average reward: 0.630435
explore rate: 0.316862

prediction: heads, observation: heads, reward: 1
Agent is trying an action at random...
93, 1, 1, 1, True, 0.315278, 59, 0.634409, 0:00:00.000062, 1
cycle: 93
average reward: 0.634409
explore rate: 0.315278

prediction: heads, observation: heads, reward: 1
Agent is trying to choose the best action, which may take some time...
94, 1, 1, 1, False, 0.313701, 60, 0.638298, 0:00:00.225812, 1
cycle: 94
average reward: 0.638298
explore rate: 0.313701

prediction: heads, observation: heads, reward: 1
Agent is trying an action at random...
95, 1, 1, 1, True, 0.312133, 61, 0.642105, 0:00:00.000060, 1
cycle: 95
average reward: 0.642105
explore rate: 0.312133

prediction: heads, observation: heads, reward: 1
Agent is trying an action at random...
96, 1, 1, 1, True, 0.310572, 62, 0.645833, 0:00:00.000047, 1
cycle: 96
average reward: 0.645833
explore rate: 0.310572

prediction: heads, observation: heads, reward: 1
Agent is trying an action at random...
97, 1, 1, 0, True, 0.309019, 63, 0.649485, 0:00:00.000045, 1
cycle: 97
average reward: 0.649485
explore rate: 0.309019

prediction: tails, observation: heads, reward: 0
Agent is trying an action at random...
98, 1, 0, 1, True, 0.307474, 63, 0.642857, 0:00:00.000045, 1
cycle: 98
average reward: 0.642857
explore rate: 0.307474

prediction: heads, observation: heads, reward: 1
Agent is trying an action at random...
99, 1, 1, 1, True, 0.305937, 64, 0.646465, 0:00:00.000045, 1
cycle: 99
average reward: 0.646465
explore rate: 0.305937

prediction: heads, observation: heads, reward: 1
Agent is trying to choose the best action, which may take some time...
100, 1, 1, 0, False, 0.304407, 65, 0.650000, 0:00:00.232107, 1
cycle: 100
average reward: 0.650000
explore rate: 0.304407

prediction: tails, observation: heads, reward: 0
Agent is trying to choose the best action, which may take some time...
101, 1, 0, 1, False, 0.302885, 65, 0.643564, 0:00:00.237850, 1
cycle: 101
average reward: 0.643564
explore rate: 0.302885

prediction: heads, observation: heads, reward: 1
Agent is trying to choose the best action, which may take some time...
102, 1, 1, 0, False, 0.301371, 66, 0.647059, 0:00:00.229445, 1
cycle: 102
average reward: 0.647059
explore rate: 0.301371

prediction: tails, observation: heads, reward: 0
Agent is trying an action at random...
103, 1, 0, 0, True, 0.299864, 66, 0.640777, 0:00:00.000051, 1
cycle: 103
average reward: 0.640777
explore rate: 0.299864

prediction: tails, observation: heads, reward: 0
Agent is trying an action at random...
104, 1, 0, 1, True, 0.298365, 66, 0.634615, 0:00:00.000046, 1
cycle: 104
average reward: 0.634615
explore rate: 0.298365

prediction: heads, observation: heads, reward: 1
Agent is trying to choose the best action, which may take some time...
105, 1, 1, 1, False, 0.296873, 67, 0.638095, 0:00:00.235986, 1
cycle: 105
average reward: 0.638095
explore rate: 0.296873

prediction: heads, observation: heads, reward: 1
Agent is trying to choose the best action, which may take some time...
106, 1, 1, 0, False, 0.295388, 68, 0.641509, 0:00:00.225166, 1
cycle: 106
average reward: 0.641509
explore rate: 0.295388

prediction: tails, observation: heads, reward: 0
Agent is trying an action at random...
107, 1, 0, 1, True, 0.293911, 68, 0.635514, 0:00:00.000050, 1
cycle: 107
average reward: 0.635514
explore rate: 0.293911

prediction: heads, observation: heads, reward: 1
Agent is trying to choose the best action, which may take some time...
108, 1, 1, 1, False, 0.292442, 69, 0.638889, 0:00:00.226031, 1
cycle: 108
average reward: 0.638889
explore rate: 0.292442

prediction: heads, observation: heads, reward: 1
Agent is trying to choose the best action, which may take some time...
109, 1, 1, 1, False, 0.290980, 70, 0.642202, 0:00:00.234776, 1
cycle: 109
average reward: 0.642202
explore rate: 0.290980

prediction: heads, observation: heads, reward: 1
Agent is trying to choose the best action, which may take some time...
110, 1, 1, 0, False, 0.289525, 71, 0.645455, 0:00:00.227959, 1
cycle: 110
average reward: 0.645455
explore rate: 0.289525

prediction: tails, observation: heads, reward: 0
Agent is trying an action at random...
111, 1, 0, 0, True, 0.288077, 71, 0.639640, 0:00:00.000126, 1
cycle: 111
average reward: 0.639640
explore rate: 0.288077

prediction: tails, observation: heads, reward: 0
Agent is trying an action at random...
112, 1, 0, 1, True, 0.286637, 71, 0.633929, 0:00:00.000095, 1
cycle: 112
average reward: 0.633929
explore rate: 0.286637

prediction: heads, observation: heads, reward: 1
Agent is trying an action at random...
113, 1, 1, 1, True, 0.285204, 72, 0.637168, 0:00:00.000057, 1
cycle: 113
average reward: 0.637168
explore rate: 0.285204

prediction: heads, observation: heads, reward: 1
Agent is trying to choose the best action, which may take some time...
114, 1, 1, 0, False, 0.283778, 73, 0.640351, 0:00:00.236708, 1
cycle: 114
average reward: 0.640351
explore rate: 0.283778

prediction: tails, observation: heads, reward: 0
Agent is trying to choose the best action, which may take some time...
115, 1, 0, 0, False, 0.282359, 73, 0.634783, 0:00:00.233199, 1
cycle: 115
average reward: 0.634783
explore rate: 0.282359

prediction: tails, observation: heads, reward: 0
Agent is trying to choose the best action, which may take some time...
116, 1, 0, 0, False, 0.280947, 73, 0.629310, 0:00:00.228043, 1
cycle: 116
average reward: 0.629310
explore rate: 0.280947

prediction: tails, observation: heads, reward: 0
Agent is trying an action at random...
117, 1, 0, 0, True, 0.279542, 73, 0.623932, 0:00:00.000050, 1
cycle: 117
average reward: 0.623932
explore rate: 0.279542

prediction: tails, observation: heads, reward: 0
Agent is trying an action at random...
118, 1, 0, 1, True, 0.278144, 73, 0.618644, 0:00:00.000046, 1
cycle: 118
average reward: 0.618644
explore rate: 0.278144

prediction: heads, observation: heads, reward: 1
Agent is trying to choose the best action, which may take some time...
119, 1, 1, 1, False, 0.276754, 74, 0.621849, 0:00:00.229115, 1
cycle: 119
average reward: 0.621849
explore rate: 0.276754

prediction: heads, observation: heads, reward: 1
Agent is trying to choose the best action, which may take some time...
120, 1, 1, 1, False, 0.275370, 75, 0.625000, 0:00:00.225618, 1
cycle: 120
average reward: 0.625000
explore rate: 0.275370

prediction: heads, observation: heads, reward: 1
Agent is trying to choose the best action, which may take some time...
121, 1, 1, 0, False, 0.273993, 76, 0.628099, 0:00:00.232260, 1
cycle: 121
average reward: 0.628099
explore rate: 0.273993

prediction: tails, observation: heads, reward: 0
Agent is trying to choose the best action, which may take some time...
122, 1, 0, 1, False, 0.272623, 76, 0.622951, 0:00:00.225777, 1
cycle: 122
average reward: 0.622951
explore rate: 0.272623

prediction: heads, observation: heads, reward: 1
Agent is trying to choose the best action, which may take some time...
123, 1, 1, 0, False, 0.271260, 77, 0.626016, 0:00:00.228175, 1
cycle: 123
average reward: 0.626016
explore rate: 0.271260

prediction: tails, observation: heads, reward: 0
Agent is trying an action at random...
124, 1, 0, 1, True, 0.269904, 77, 0.620968, 0:00:00.000051, 1
cycle: 124
average reward: 0.620968
explore rate: 0.269904

prediction: heads, observation: heads, reward: 1
Agent is trying to choose the best action, which may take some time...
125, 1, 1, 1, False, 0.268554, 78, 0.624000, 0:00:00.238933, 1
cycle: 125
average reward: 0.624000
explore rate: 0.268554

prediction: heads, observation: heads, reward: 1
Agent is trying to choose the best action, which may take some time...
126, 1, 1, 1, False, 0.267211, 79, 0.626984, 0:00:00.234881, 1
cycle: 126
average reward: 0.626984
explore rate: 0.267211

prediction: heads, observation: heads, reward: 1
Agent is trying to choose the best action, which may take some time...
127, 1, 1, 1, False, 0.265875, 80, 0.629921, 0:00:00.243699, 1
cycle: 127
average reward: 0.629921
explore rate: 0.265875

prediction: heads, observation: heads, reward: 1
Agent is trying to choose the best action, which may take some time...
128, 1, 1, 1, False, 0.264546, 81, 0.632812, 0:00:00.233289, 1
cycle: 128
average reward: 0.632812
explore rate: 0.264546

prediction: heads, observation: heads, reward: 1
Agent is trying an action at random...
129, 1, 1, 1, True, 0.263223, 82, 0.635659, 0:00:00.000050, 1
cycle: 129
average reward: 0.635659
explore rate: 0.263223

prediction: heads, observation: heads, reward: 1
Agent is trying to choose the best action, which may take some time...
130, 1, 1, 0, False, 0.261907, 83, 0.638462, 0:00:00.227780, 1
cycle: 130
average reward: 0.638462
explore rate: 0.261907

prediction: tails, observation: heads, reward: 0
Agent is trying to choose the best action, which may take some time...
131, 1, 0, 1, False, 0.260598, 83, 0.633588, 0:00:00.234889, 1
cycle: 131
average reward: 0.633588
explore rate: 0.260598

prediction: heads, observation: heads, reward: 1
Agent is trying to choose the best action, which may take some time...
132, 1, 1, 1, False, 0.259295, 84, 0.636364, 0:00:00.229232, 1
cycle: 132
average reward: 0.636364
explore rate: 0.259295

prediction: heads, observation: heads, reward: 1
Agent is trying an action at random...
133, 1, 1, 0, True, 0.257998, 85, 0.639098, 0:00:00.000050, 1
cycle: 133
average reward: 0.639098
explore rate: 0.257998

prediction: tails, observation: heads, reward: 0
Agent is trying an action at random...
134, 1, 0, 1, True, 0.256708, 85, 0.634328, 0:00:00.000045, 1
cycle: 134
average reward: 0.634328
explore rate: 0.256708

prediction: heads, observation: heads, reward: 1
Agent is trying to choose the best action, which may take some time...
135, 1, 1, 1, False, 0.255425, 86, 0.637037, 0:00:00.226737, 1
cycle: 135
average reward: 0.637037
explore rate: 0.255425

prediction: heads, observation: heads, reward: 1
Agent is trying to choose the best action, which may take some time...
136, 1, 1, 0, False, 0.254148, 87, 0.639706, 0:00:00.242106, 1
cycle: 136
average reward: 0.639706
explore rate: 0.254148

prediction: tails, observation: heads, reward: 0
Agent is trying to choose the best action, which may take some time...
137, 1, 0, 1, False, 0.252877, 87, 0.635036, 0:00:00.238104, 1
cycle: 137
average reward: 0.635036
explore rate: 0.252877

prediction: heads, observation: heads, reward: 1
Agent is trying to choose the best action, which may take some time...
138, 1, 1, 1, False, 0.251612, 88, 0.637681, 0:00:00.236449, 1
cycle: 138
average reward: 0.637681
explore rate: 0.251612

prediction: heads, observation: heads, reward: 1
Agent is trying to choose the best action, which may take some time...
139, 1, 1, 0, False, 0.250354, 89, 0.640288, 0:00:00.229196, 1
cycle: 139
average reward: 0.640288
explore rate: 0.250354

prediction: tails, observation: heads, reward: 0
Agent is trying an action at random...
140, 1, 0, 1, True, 0.249103, 89, 0.635714, 0:00:00.000055, 1
cycle: 140
average reward: 0.635714
explore rate: 0.249103

prediction: heads, observation: heads, reward: 1
Agent is trying to choose the best action, which may take some time...
141, 1, 1, 1, False, 0.247857, 90, 0.638298, 0:00:00.229341, 1
cycle: 141
average reward: 0.638298
explore rate: 0.247857

prediction: heads, observation: heads, reward: 1
Agent is trying to choose the best action, which may take some time...
142, 1, 1, 0, False, 0.246618, 91, 0.640845, 0:00:00.234429, 1
cycle: 142
average reward: 0.640845
explore rate: 0.246618

prediction: tails, observation: heads, reward: 0
Agent is trying to choose the best action, which may take some time...
143, 1, 0, 1, False, 0.245385, 91, 0.636364, 0:00:00.230210, 1
cycle: 143
average reward: 0.636364
explore rate: 0.245385

prediction: heads, observation: heads, reward: 1
Agent is trying to choose the best action, which may take some time...
144, 1, 1, 0, False, 0.244158, 92, 0.638889, 0:00:00.236976, 1
cycle: 144
average reward: 0.638889
explore rate: 0.244158

prediction: tails, observation: heads, reward: 0
Agent is trying to choose the best action, which may take some time...
145, 1, 0, 1, False, 0.242937, 92, 0.634483, 0:00:00.227871, 1
cycle: 145
average reward: 0.634483
explore rate: 0.242937

prediction: heads, observation: heads, reward: 1
Agent is trying an action at random...
146, 1, 1, 1, True, 0.241722, 93, 0.636986, 0:00:00.000050, 1
cycle: 146
average reward: 0.636986
explore rate: 0.241722

prediction: heads, observation: heads, reward: 1
Agent is trying to choose the best action, which may take some time...
147, 1, 1, 1, False, 0.240514, 94, 0.639456, 0:00:00.245833, 1
cycle: 147
average reward: 0.639456
explore rate: 0.240514

prediction: heads, observation: heads, reward: 1
Agent is trying to choose the best action, which may take some time...
148, 1, 1, 1, False, 0.239311, 95, 0.641892, 0:00:00.231511, 1
cycle: 148
average reward: 0.641892
explore rate: 0.239311

prediction: heads, observation: heads, reward: 1
Agent is trying to choose the best action, which may take some time...
149, 1, 1, 1, False, 0.238115, 96, 0.644295, 0:00:00.227129, 1
cycle: 149
average reward: 0.644295
explore rate: 0.238115

prediction: heads, observation: heads, reward: 1
Agent is trying to choose the best action, which may take some time...
150, 1, 1, 0, False, 0.236924, 97, 0.646667, 0:00:00.227312, 1
cycle: 150
average reward: 0.646667
explore rate: 0.236924

prediction: tails, observation: heads, reward: 0
Agent is trying to choose the best action, which may take some time...
151, 1, 0, 0, False, 0.235739, 97, 0.642384, 0:00:00.226241, 1
cycle: 151
average reward: 0.642384
explore rate: 0.235739

prediction: tails, observation: heads, reward: 0
Agent is trying to choose the best action, which may take some time...
152, 1, 0, 0, False, 0.234561, 97, 0.638158, 0:00:00.238300, 1
cycle: 152
average reward: 0.638158
explore rate: 0.234561

prediction: tails, observation: heads, reward: 0
Agent is trying to choose the best action, which may take some time...
153, 1, 0, 0, False, 0.233388, 97, 0.633987, 0:00:00.226204, 1
cycle: 153
average reward: 0.633987
explore rate: 0.233388

prediction: tails, observation: heads, reward: 0
Agent is trying to choose the best action, which may take some time...
154, 1, 0, 1, False, 0.232221, 97, 0.629870, 0:00:00.227568, 1
cycle: 154
average reward: 0.629870
explore rate: 0.232221

prediction: heads, observation: heads, reward: 1
Agent is trying an action at random...
155, 1, 1, 1, True, 0.231060, 98, 0.632258, 0:00:00.000050, 1
cycle: 155
average reward: 0.632258
explore rate: 0.231060

prediction: heads, observation: heads, reward: 1
Agent is trying to choose the best action, which may take some time...
156, 1, 1, 1, False, 0.229905, 99, 0.634615, 0:00:00.229932, 1
cycle: 156
average reward: 0.634615
explore rate: 0.229905

prediction: heads, observation: heads, reward: 1
Agent is trying to choose the best action, which may take some time...
157, 1, 1, 0, False, 0.228755, 100, 0.636943, 0:00:00.227160, 1
cycle: 157
average reward: 0.636943
explore rate: 0.228755

prediction: tails, observation: heads, reward: 0
Agent is trying an action at random...
158, 1, 0, 1, True, 0.227611, 100, 0.632911, 0:00:00.000063, 1
cycle: 158
average reward: 0.632911
explore rate: 0.227611

prediction: heads, observation: heads, reward: 1
Agent is trying to choose the best action, which may take some time...
159, 1, 1, 0, False, 0.226473, 101, 0.635220, 0:00:00.232245, 1
cycle: 159
average reward: 0.635220
explore rate: 0.226473

prediction: tails, observation: heads, reward: 0
Agent is trying to choose the best action, which may take some time...
160, 1, 0, 1, False, 0.225341, 101, 0.631250, 0:00:00.226973, 1
cycle: 160
average reward: 0.631250
explore rate: 0.225341

prediction: heads, observation: heads, reward: 1
Agent is trying an action at random...
161, 1, 1, 1, True, 0.224214, 102, 0.633540, 0:00:00.000059, 1
cycle: 161
average reward: 0.633540
explore rate: 0.224214

prediction: heads, observation: heads, reward: 1
Agent is trying an action at random...
162, 1, 1, 0, True, 0.223093, 103, 0.635802, 0:00:00.000047, 1
cycle: 162
average reward: 0.635802
explore rate: 0.223093

prediction: tails, observation: heads, reward: 0
Agent is trying to choose the best action, which may take some time...
163, 1, 0, 0, False, 0.221978, 103, 0.631902, 0:00:00.230245, 1
cycle: 163
average reward: 0.631902
explore rate: 0.221978

prediction: tails, observation: heads, reward: 0
Agent is trying to choose the best action, which may take some time...
164, 1, 0, 1, False, 0.220868, 103, 0.628049, 0:00:00.229106, 1
cycle: 164
average reward: 0.628049
explore rate: 0.220868

prediction: heads, observation: heads, reward: 1
Agent is trying to choose the best action, which may take some time...
165, 1, 1, 1, False, 0.219763, 104, 0.630303, 0:00:00.227099, 1
cycle: 165
average reward: 0.630303
explore rate: 0.219763

prediction: heads, observation: heads, reward: 1
Agent is trying to choose the best action, which may take some time...
166, 1, 1, 1, False, 0.218665, 105, 0.632530, 0:00:00.229431, 1
cycle: 166
average reward: 0.632530
explore rate: 0.218665

prediction: heads, observation: heads, reward: 1
Agent is trying to choose the best action, which may take some time...
167, 1, 1, 0, False, 0.217571, 106, 0.634731, 0:00:00.228284, 1
cycle: 167
average reward: 0.634731
explore rate: 0.217571

prediction: tails, observation: heads, reward: 0
Agent is trying to choose the best action, which may take some time...
168, 1, 0, 1, False, 0.216483, 106, 0.630952, 0:00:00.227389, 1
cycle: 168
average reward: 0.630952
explore rate: 0.216483

prediction: heads, observation: heads, reward: 1
Agent is trying to choose the best action, which may take some time...
169, 1, 1, 1, False, 0.215401, 107, 0.633136, 0:00:00.228173, 1
cycle: 169
average reward: 0.633136
explore rate: 0.215401

prediction: heads, observation: heads, reward: 1
Agent is trying to choose the best action, which may take some time...
170, 1, 1, 0, False, 0.214324, 108, 0.635294, 0:00:00.230632, 1
cycle: 170
average reward: 0.635294
explore rate: 0.214324

prediction: tails, observation: heads, reward: 0
Agent is trying an action at random...
171, 1, 0, 1, True, 0.213252, 108, 0.631579, 0:00:00.000050, 1
cycle: 171
average reward: 0.631579
explore rate: 0.213252

prediction: heads, observation: heads, reward: 1
Agent is trying to choose the best action, which may take some time...
172, 1, 1, 1, False, 0.212186, 109, 0.633721, 0:00:00.228401, 1
cycle: 172
average reward: 0.633721
explore rate: 0.212186

prediction: heads, observation: heads, reward: 1
Agent is trying to choose the best action, which may take some time...
173, 1, 1, 1, False, 0.211125, 110, 0.635838, 0:00:00.230243, 1
cycle: 173
average reward: 0.635838
explore rate: 0.211125

prediction: heads, observation: heads, reward: 1
Agent is trying an action at random...
174, 1, 1, 0, True, 0.210069, 111, 0.637931, 0:00:00.000050, 1
cycle: 174
average reward: 0.637931
explore rate: 0.210069

prediction: tails, observation: heads, reward: 0
Agent is trying to choose the best action, which may take some time...
175, 1, 0, 1, False, 0.209019, 111, 0.634286, 0:00:00.223690, 1
cycle: 175
average reward: 0.634286
explore rate: 0.209019

prediction: heads, observation: heads, reward: 1
Agent is trying to choose the best action, which may take some time...
176, 1, 1, 1, False, 0.207974, 112, 0.636364, 0:00:00.227377, 1
cycle: 176
average reward: 0.636364
explore rate: 0.207974

prediction: heads, observation: heads, reward: 1
Agent is trying to choose the best action, which may take some time...
177, 1, 1, 1, False, 0.206934, 113, 0.638418, 0:00:00.233489, 1
cycle: 177
average reward: 0.638418
explore rate: 0.206934

prediction: heads, observation: heads, reward: 1
Agent is trying to choose the best action, which may take some time...
178, 1, 1, 1, False, 0.205900, 114, 0.640449, 0:00:00.231008, 1
cycle: 178
average reward: 0.640449
explore rate: 0.205900

prediction: heads, observation: heads, reward: 1
Agent is trying to choose the best action, which may take some time...
179, 1, 1, 0, False, 0.204870, 115, 0.642458, 0:00:00.229294, 1
cycle: 179
average reward: 0.642458
explore rate: 0.204870

prediction: tails, observation: heads, reward: 0
Agent is trying to choose the best action, which may take some time...
180, 1, 0, 0, False, 0.203846, 115, 0.638889, 0:00:00.232062, 1
cycle: 180
average reward: 0.638889
explore rate: 0.203846

prediction: tails, observation: heads, reward: 0
Agent is trying to choose the best action, which may take some time...
181, 1, 0, 0, False, 0.202826, 115, 0.635359, 0:00:00.233031, 1
cycle: 181
average reward: 0.635359
explore rate: 0.202826

prediction: tails, observation: heads, reward: 0
Agent is trying to choose the best action, which may take some time...
182, 1, 0, 0, False, 0.201812, 115, 0.631868, 0:00:00.230495, 1
cycle: 182
average reward: 0.631868
explore rate: 0.201812

prediction: tails, observation: heads, reward: 0
Agent is trying an action at random...
183, 1, 0, 1, True, 0.200803, 115, 0.628415, 0:00:00.000051, 1
cycle: 183
average reward: 0.628415
explore rate: 0.200803

prediction: heads, observation: heads, reward: 1
Agent is trying an action at random...
184, 1, 1, 1, True, 0.199799, 116, 0.630435, 0:00:00.000045, 1
cycle: 184
average reward: 0.630435
explore rate: 0.199799

prediction: heads, observation: heads, reward: 1
Agent is trying to choose the best action, which may take some time...
185, 1, 1, 0, False, 0.198800, 117, 0.632432, 0:00:00.224027, 1
cycle: 185
average reward: 0.632432
explore rate: 0.198800

prediction: tails, observation: heads, reward: 0
Agent is trying to choose the best action, which may take some time...
186, 1, 0, 1, False, 0.197806, 117, 0.629032, 0:00:00.226859, 1
cycle: 186
average reward: 0.629032
explore rate: 0.197806

prediction: heads, observation: heads, reward: 1
Agent is trying to choose the best action, which may take some time...
187, 1, 1, 1, False, 0.196817, 118, 0.631016, 0:00:00.226291, 1
cycle: 187
average reward: 0.631016
explore rate: 0.196817

prediction: heads, observation: heads, reward: 1
Agent is trying to choose the best action, which may take some time...
188, 1, 1, 0, False, 0.195833, 119, 0.632979, 0:00:00.231152, 1
cycle: 188
average reward: 0.632979
explore rate: 0.195833

prediction: tails, observation: heads, reward: 0
Agent is trying to choose the best action, which may take some time...
189, 1, 0, 0, False, 0.194854, 119, 0.629630, 0:00:00.227837, 1
cycle: 189
average reward: 0.629630
explore rate: 0.194854

prediction: tails, observation: heads, reward: 0
Agent is trying to choose the best action, which may take some time...
190, 1, 0, 1, False, 0.193880, 119, 0.626316, 0:00:00.224341, 1
cycle: 190
average reward: 0.626316
explore rate: 0.193880

prediction: heads, observation: heads, reward: 1
Agent is trying to choose the best action, which may take some time...
191, 1, 1, 0, False, 0.192910, 120, 0.628272, 0:00:00.232483, 1
cycle: 191
average reward: 0.628272
explore rate: 0.192910

prediction: tails, observation: heads, reward: 0
Agent is trying to choose the best action, which may take some time...
192, 1, 0, 1, False, 0.191946, 120, 0.625000, 0:00:00.226219, 1
cycle: 192
average reward: 0.625000
explore rate: 0.191946

prediction: heads, observation: heads, reward: 1
Agent is trying to choose the best action, which may take some time...
193, 1, 1, 0, False, 0.190986, 121, 0.626943, 0:00:00.221914, 1
cycle: 193
average reward: 0.626943
explore rate: 0.190986

prediction: tails, observation: heads, reward: 0
Agent is trying to choose the best action, which may take some time...
194, 1, 0, 0, False, 0.190031, 121, 0.623711, 0:00:00.223377, 1
cycle: 194
average reward: 0.623711
explore rate: 0.190031

prediction: tails, observation: heads, reward: 0
Agent is trying to choose the best action, which may take some time...
195, 1, 0, 0, False, 0.189081, 121, 0.620513, 0:00:00.223269, 1
cycle: 195
average reward: 0.620513
explore rate: 0.189081

prediction: tails, observation: heads, reward: 0
Agent is trying to choose the best action, which may take some time...
196, 1, 0, 1, False, 0.188135, 121, 0.617347, 0:00:00.220722, 1
cycle: 196
average reward: 0.617347
explore rate: 0.188135

prediction: heads, observation: heads, reward: 1
Agent is trying to choose the best action, which may take some time...
197, 1, 1, 0, False, 0.187195, 122, 0.619289, 0:00:00.220614, 1
cycle: 197
average reward: 0.619289
explore rate: 0.187195

prediction: tails, observation: heads, reward: 0
Agent is trying an action at random...
198, 1, 0, 1, True, 0.186259, 122, 0.616162, 0:00:00.000053, 1
cycle: 198
average reward: 0.616162
explore rate: 0.186259

prediction: heads, observation: heads, reward: 1
Agent is trying to choose the best action, which may take some time...
199, 1, 1, 0, False, 0.185328, 123, 0.618090, 0:00:00.217974, 1
cycle: 199
average reward: 0.618090
explore rate: 0.185328

prediction: tails, observation: heads, reward: 0
Agent is trying to choose the best action, which may take some time...
200, 1, 0, 0, False, 0.184401, 123, 0.615000, 0:00:00.225911, 1
cycle: 200
average reward: 0.615000
explore rate: 0.184401

prediction: tails, observation: heads, reward: 0
Agent is trying to choose the best action, which may take some time...
201, 1, 0, 0, False, 0.183479, 123, 0.611940, 0:00:00.217556, 1
cycle: 201
average reward: 0.611940
prediction: tails, observation: heads, reward: 0
Agent is trying to choose the best action, which may take some time...
202, 1, 0, 0, False, 0.183479, 123, 0.608911, 0:00:00.216158, 1
cycle: 202
average reward: 0.608911
prediction: tails, observation: heads, reward: 0
Agent is trying to choose the best action, which may take some time...
203, 1, 0, 1, False, 0.183479, 123, 0.605911, 0:00:00.215154, 1
cycle: 203
average reward: 0.605911
prediction: heads, observation: heads, reward: 1
Agent is trying to choose the best action, which may take some time...
204, 1, 1, 0, False, 0.183479, 124, 0.607843, 0:00:00.215027, 1
cycle: 204
average reward: 0.607843
prediction: tails, observation: heads, reward: 0
Agent is trying to choose the best action, which may take some time...
205, 1, 0, 1, False, 0.183479, 124, 0.604878, 0:00:00.217530, 1
cycle: 205
average reward: 0.604878
prediction: heads, observation: heads, reward: 1
Agent is trying to choose the best action, which may take some time...
206, 1, 1, 1, False, 0.183479, 125, 0.606796, 0:00:00.215936, 1
cycle: 206
average reward: 0.606796
prediction: heads, observation: heads, reward: 1
Agent is trying to choose the best action, which may take some time...
207, 1, 1, 1, False, 0.183479, 126, 0.608696, 0:00:00.216392, 1
cycle: 207
average reward: 0.608696
prediction: heads, observation: heads, reward: 1
Agent is trying to choose the best action, which may take some time...
208, 1, 1, 1, False, 0.183479, 127, 0.610577, 0:00:00.215290, 1
cycle: 208
average reward: 0.610577
prediction: heads, observation: heads, reward: 1
Agent is trying to choose the best action, which may take some time...
209, 1, 1, 0, False, 0.183479, 128, 0.612440, 0:00:00.216088, 1
cycle: 209
average reward: 0.612440
prediction: tails, observation: heads, reward: 0
Agent is trying to choose the best action, which may take some time...
210, 1, 0, 0, False, 0.183479, 128, 0.609524, 0:00:00.217132, 1
cycle: 210
average reward: 0.609524
prediction: tails, observation: heads, reward: 0
Agent is trying to choose the best action, which may take some time...
211, 1, 0, 1, False, 0.183479, 128, 0.606635, 0:00:00.217263, 1
cycle: 211
average reward: 0.606635
prediction: heads, observation: heads, reward: 1
Agent is trying to choose the best action, which may take some time...
212, 1, 1, 1, False, 0.183479, 129, 0.608491, 0:00:00.216060, 1
cycle: 212
average reward: 0.608491
prediction: heads, observation: heads, reward: 1
Agent is trying to choose the best action, which may take some time...
213, 1, 1, 1, False, 0.183479, 130, 0.610329, 0:00:00.219128, 1
cycle: 213
average reward: 0.610329
prediction: heads, observation: heads, reward: 1
Agent is trying to choose the best action, which may take some time...
214, 1, 1, 1, False, 0.183479, 131, 0.612150, 0:00:00.225982, 1
cycle: 214
average reward: 0.612150
prediction: heads, observation: heads, reward: 1
Agent is trying to choose the best action, which may take some time...
215, 1, 1, 1, False, 0.183479, 132, 0.613953, 0:00:00.218160, 1
cycle: 215
average reward: 0.613953
prediction: heads, observation: heads, reward: 1
Agent is trying to choose the best action, which may take some time...
216, 1, 1, 1, False, 0.183479, 133, 0.615741, 0:00:00.220901, 1
cycle: 216
average reward: 0.615741
prediction: heads, observation: heads, reward: 1
Agent is trying to choose the best action, which may take some time...
217, 1, 1, 0, False, 0.183479, 134, 0.617512, 0:00:00.222839, 1
cycle: 217
average reward: 0.617512
prediction: tails, observation: heads, reward: 0
Agent is trying to choose the best action, which may take some time...
218, 1, 0, 0, False, 0.183479, 134, 0.614679, 0:00:00.217180, 1
cycle: 218
average reward: 0.614679
prediction: tails, observation: heads, reward: 0
Agent is trying to choose the best action, which may take some time...
219, 1, 0, 1, False, 0.183479, 134, 0.611872, 0:00:00.255026, 1
cycle: 219
average reward: 0.611872
prediction: heads, observation: heads, reward: 1
Agent is trying to choose the best action, which may take some time...
220, 1, 1, 0, False, 0.183479, 135, 0.613636, 0:00:00.266967, 1
cycle: 220
average reward: 0.613636
prediction: tails, observation: heads, reward: 0
Agent is trying to choose the best action, which may take some time...
221, 1, 0, 0, False, 0.183479, 135, 0.610860, 0:00:00.219427, 1
cycle: 221
average reward: 0.610860
prediction: tails, observation: heads, reward: 0
Agent is trying to choose the best action, which may take some time...
222, 1, 0, 0, False, 0.183479, 135, 0.608108, 0:00:00.259755, 1
cycle: 222
average reward: 0.608108
prediction: tails, observation: heads, reward: 0
Agent is trying to choose the best action, which may take some time...
223, 1, 0, 1, False, 0.183479, 135, 0.605381, 0:00:00.237924, 1
cycle: 223
average reward: 0.605381
prediction: heads, observation: heads, reward: 1
Agent is trying to choose the best action, which may take some time...
224, 1, 1, 1, False, 0.183479, 136, 0.607143, 0:00:00.220366, 1
cycle: 224
average reward: 0.607143
prediction: heads, observation: heads, reward: 1
Agent is trying to choose the best action, which may take some time...
225, 1, 1, 1, False, 0.183479, 137, 0.608889, 0:00:00.263559, 1
cycle: 225
average reward: 0.608889
prediction: heads, observation: heads, reward: 1
Agent is trying to choose the best action, which may take some time...
226, 1, 1, 1, False, 0.183479, 138, 0.610619, 0:00:00.240910, 1
cycle: 226
average reward: 0.610619
prediction: heads, observation: heads, reward: 1
Agent is trying to choose the best action, which may take some time...
227, 1, 1, 1, False, 0.183479, 139, 0.612335, 0:00:00.221816, 1
cycle: 227
average reward: 0.612335
prediction: heads, observation: heads, reward: 1
Agent is trying to choose the best action, which may take some time...
228, 1, 1, 1, False, 0.183479, 140, 0.614035, 0:00:00.236099, 1
cycle: 228
average reward: 0.614035
prediction: heads, observation: heads, reward: 1
Agent is trying to choose the best action, which may take some time...
229, 1, 1, 1, False, 0.183479, 141, 0.615721, 0:00:00.234776, 1
cycle: 229
average reward: 0.615721
prediction: heads, observation: heads, reward: 1
Agent is trying to choose the best action, which may take some time...
230, 1, 1, 1, False, 0.183479, 142, 0.617391, 0:00:00.219639, 1
cycle: 230
average reward: 0.617391
prediction: heads, observation: heads, reward: 1
Agent is trying to choose the best action, which may take some time...
231, 1, 1, 0, False, 0.183479, 143, 0.619048, 0:00:00.219364, 1
cycle: 231
average reward: 0.619048
prediction: tails, observation: heads, reward: 0
Agent is trying to choose the best action, which may take some time...
232, 1, 0, 1, False, 0.183479, 143, 0.616379, 0:00:00.226094, 1
cycle: 232
average reward: 0.616379
prediction: heads, observation: heads, reward: 1
Agent is trying to choose the best action, which may take some time...
233, 1, 1, 0, False, 0.183479, 144, 0.618026, 0:00:00.218552, 1
cycle: 233
average reward: 0.618026
prediction: tails, observation: heads, reward: 0
Agent is trying to choose the best action, which may take some time...
234, 1, 0, 0, False, 0.183479, 144, 0.615385, 0:00:00.219609, 1
cycle: 234
average reward: 0.615385
prediction: tails, observation: heads, reward: 0
Agent is trying to choose the best action, which may take some time...
235, 1, 0, 1, False, 0.183479, 144, 0.612766, 0:00:00.222552, 1
cycle: 235
average reward: 0.612766
prediction: heads, observation: heads, reward: 1
Agent is trying to choose the best action, which may take some time...
236, 1, 1, 1, False, 0.183479, 145, 0.614407, 0:00:00.222849, 1
cycle: 236
average reward: 0.614407
prediction: heads, observation: heads, reward: 1
Agent is trying to choose the best action, which may take some time...
237, 1, 1, 0, False, 0.183479, 146, 0.616034, 0:00:00.219087, 1
cycle: 237
average reward: 0.616034
prediction: tails, observation: heads, reward: 0
Agent is trying to choose the best action, which may take some time...
238, 1, 0, 1, False, 0.183479, 146, 0.613445, 0:00:00.218525, 1
cycle: 238
average reward: 0.613445
prediction: heads, observation: heads, reward: 1
Agent is trying to choose the best action, which may take some time...
239, 1, 1, 1, False, 0.183479, 147, 0.615063, 0:00:00.219101, 1
cycle: 239
average reward: 0.615063
prediction: heads, observation: heads, reward: 1
Agent is trying to choose the best action, which may take some time...
240, 1, 1, 1, False, 0.183479, 148, 0.616667, 0:00:00.221430, 1
cycle: 240
average reward: 0.616667
prediction: heads, observation: heads, reward: 1
Agent is trying to choose the best action, which may take some time...
241, 1, 1, 0, False, 0.183479, 149, 0.618257, 0:00:00.273650, 1
cycle: 241
average reward: 0.618257
prediction: tails, observation: heads, reward: 0
Agent is trying to choose the best action, which may take some time...
242, 1, 0, 1, False, 0.183479, 149, 0.615702, 0:00:00.270394, 1
cycle: 242
average reward: 0.615702
prediction: heads, observation: heads, reward: 1
Agent is trying to choose the best action, which may take some time...
243, 1, 1, 1, False, 0.183479, 150, 0.617284, 0:00:00.230929, 1
cycle: 243
average reward: 0.617284
prediction: heads, observation: heads, reward: 1
Agent is trying to choose the best action, which may take some time...
244, 1, 1, 1, False, 0.183479, 151, 0.618852, 0:00:00.244370, 1
cycle: 244
average reward: 0.618852
prediction: heads, observation: heads, reward: 1
Agent is trying to choose the best action, which may take some time...
245, 1, 1, 0, False, 0.183479, 152, 0.620408, 0:00:00.258649, 1
cycle: 245
average reward: 0.620408
prediction: tails, observation: heads, reward: 0
Agent is trying to choose the best action, which may take some time...
246, 1, 0, 1, False, 0.183479, 152, 0.617886, 0:00:00.247524, 1
cycle: 246
average reward: 0.617886
prediction: heads, observation: heads, reward: 1
Agent is trying to choose the best action, which may take some time...
247, 1, 1, 0, False, 0.183479, 153, 0.619433, 0:00:00.245531, 1
cycle: 247
average reward: 0.619433
prediction: tails, observation: heads, reward: 0
Agent is trying to choose the best action, which may take some time...
248, 1, 0, 1, False, 0.183479, 153, 0.616935, 0:00:00.255173, 1
cycle: 248
average reward: 0.616935
prediction: heads, observation: heads, reward: 1
Agent is trying to choose the best action, which may take some time...
249, 1, 1, 1, False, 0.183479, 154, 0.618474, 0:00:00.239032, 1
cycle: 249
average reward: 0.618474
prediction: heads, observation: heads, reward: 1
Agent is trying to choose the best action, which may take some time...
250, 1, 1, 1, False, 0.183479, 155, 0.620000, 0:00:00.281885, 1
cycle: 250
average reward: 0.620000
prediction: heads, observation: heads, reward: 1
Agent is trying to choose the best action, which may take some time...
251, 1, 1, 0, False, 0.183479, 156, 0.621514, 0:00:00.228364, 1
cycle: 251
average reward: 0.621514
prediction: tails, observation: heads, reward: 0
Agent is trying to choose the best action, which may take some time...
252, 1, 0, 1, False, 0.183479, 156, 0.619048, 0:00:00.307830, 1
cycle: 252
average reward: 0.619048
prediction: heads, observation: heads, reward: 1
Agent is trying to choose the best action, which may take some time...
253, 1, 1, 0, False, 0.183479, 157, 0.620553, 0:00:00.235499, 1
cycle: 253
average reward: 0.620553
prediction: tails, observation: heads, reward: 0
Agent is trying to choose the best action, which may take some time...
254, 1, 0, 0, False, 0.183479, 157, 0.618110, 0:00:00.273534, 1
cycle: 254
average reward: 0.618110
prediction: tails, observation: heads, reward: 0
Agent is trying to choose the best action, which may take some time...
255, 1, 0, 1, False, 0.183479, 157, 0.615686, 0:00:00.222073, 1
cycle: 255
average reward: 0.615686
prediction: heads, observation: heads, reward: 1
Agent is trying to choose the best action, which may take some time...
256, 1, 1, 0, False, 0.183479, 158, 0.617188, 0:00:00.274098, 1
cycle: 256
average reward: 0.617188
prediction: tails, observation: heads, reward: 0
Agent is trying to choose the best action, which may take some time...
257, 1, 0, 0, False, 0.183479, 158, 0.614786, 0:00:00.236294, 1
cycle: 257
average reward: 0.614786
prediction: tails, observation: heads, reward: 0
Agent is trying to choose the best action, which may take some time...
258, 1, 0, 0, False, 0.183479, 158, 0.612403, 0:00:00.274252, 1
cycle: 258
average reward: 0.612403
prediction: tails, observation: heads, reward: 0
Agent is trying to choose the best action, which may take some time...
259, 1, 0, 1, False, 0.183479, 158, 0.610039, 0:00:00.240740, 1
cycle: 259
average reward: 0.610039
prediction: heads, observation: heads, reward: 1
Agent is trying to choose the best action, which may take some time...
260, 1, 1, 1, False, 0.183479, 159, 0.611538, 0:00:00.244430, 1
cycle: 260
average reward: 0.611538
prediction: heads, observation: heads, reward: 1
Agent is trying to choose the best action, which may take some time...
261, 1, 1, 1, False, 0.183479, 160, 0.613027, 0:00:00.285880, 1
cycle: 261
average reward: 0.613027
prediction: heads, observation: heads, reward: 1
Agent is trying to choose the best action, which may take some time...
262, 1, 1, 1, False, 0.183479, 161, 0.614504, 0:00:00.222202, 1
cycle: 262
average reward: 0.614504
prediction: heads, observation: heads, reward: 1
Agent is trying to choose the best action, which may take some time...
263, 1, 1, 1, False, 0.183479, 162, 0.615970, 0:00:00.279846, 1
cycle: 263
average reward: 0.615970
prediction: heads, observation: heads, reward: 1
Agent is trying to choose the best action, which may take some time...
264, 1, 1, 0, False, 0.183479, 163, 0.617424, 0:00:00.234116, 1
cycle: 264
average reward: 0.617424
prediction: tails, observation: heads, reward: 0
Agent is trying to choose the best action, which may take some time...
265, 1, 0, 0, False, 0.183479, 163, 0.615094, 0:00:00.250625, 1
cycle: 265
average reward: 0.615094
prediction: tails, observation: heads, reward: 0
Agent is trying to choose the best action, which may take some time...
266, 1, 0, 0, False, 0.183479, 163, 0.612782, 0:00:00.267722, 1
cycle: 266
average reward: 0.612782
prediction: tails, observation: heads, reward: 0
Agent is trying to choose the best action, which may take some time...
267, 1, 0, 0, False, 0.183479, 163, 0.610487, 0:00:00.250970, 1
cycle: 267
average reward: 0.610487
prediction: tails, observation: heads, reward: 0
Agent is trying to choose the best action, which may take some time...
268, 1, 0, 0, False, 0.183479, 163, 0.608209, 0:00:00.278124, 1
cycle: 268
average reward: 0.608209
prediction: tails, observation: heads, reward: 0
Agent is trying to choose the best action, which may take some time...
269, 1, 0, 0, False, 0.183479, 163, 0.605948, 0:00:00.231385, 1
cycle: 269
average reward: 0.605948
prediction: tails, observation: heads, reward: 0
Agent is trying to choose the best action, which may take some time...
270, 1, 0, 0, False, 0.183479, 163, 0.603704, 0:00:00.263210, 1
cycle: 270
average reward: 0.603704
prediction: tails, observation: heads, reward: 0
Agent is trying to choose the best action, which may take some time...
271, 1, 0, 1, False, 0.183479, 163, 0.601476, 0:00:00.257998, 1
cycle: 271
average reward: 0.601476
prediction: heads, observation: heads, reward: 1
Agent is trying to choose the best action, which may take some time...
272, 1, 1, 0, False, 0.183479, 164, 0.602941, 0:00:00.227961, 1
cycle: 272
average reward: 0.602941
prediction: tails, observation: heads, reward: 0
Agent is trying to choose the best action, which may take some time...
273, 1, 0, 0, False, 0.183479, 164, 0.600733, 0:00:00.223854, 1
cycle: 273
average reward: 0.600733
prediction: tails, observation: heads, reward: 0
Agent is trying to choose the best action, which may take some time...
274, 1, 0, 1, False, 0.183479, 164, 0.598540, 0:00:00.232790, 1
cycle: 274
average reward: 0.598540
prediction: heads, observation: heads, reward: 1
Agent is trying to choose the best action, which may take some time...
275, 1, 1, 1, False, 0.183479, 165, 0.600000, 0:00:00.226761, 1
cycle: 275
average reward: 0.600000
prediction: heads, observation: heads, reward: 1
Agent is trying to choose the best action, which may take some time...
276, 1, 1, 1, False, 0.183479, 166, 0.601449, 0:00:00.223753, 1
cycle: 276
average reward: 0.601449
prediction: heads, observation: heads, reward: 1
Agent is trying to choose the best action, which may take some time...
277, 1, 1, 1, False, 0.183479, 167, 0.602888, 0:00:00.223697, 1
cycle: 277
average reward: 0.602888
prediction: heads, observation: heads, reward: 1
Agent is trying to choose the best action, which may take some time...
278, 1, 1, 0, False, 0.183479, 168, 0.604317, 0:00:00.222709, 1
cycle: 278
average reward: 0.604317
prediction: tails, observation: heads, reward: 0
Agent is trying to choose the best action, which may take some time...
279, 1, 0, 1, False, 0.183479, 168, 0.602151, 0:00:00.223927, 1
cycle: 279
average reward: 0.602151
prediction: heads, observation: heads, reward: 1
Agent is trying to choose the best action, which may take some time...
280, 1, 1, 1, False, 0.183479, 169, 0.603571, 0:00:00.223673, 1
cycle: 280
average reward: 0.603571
prediction: heads, observation: heads, reward: 1
Agent is trying to choose the best action, which may take some time...
281, 1, 1, 0, False, 0.183479, 170, 0.604982, 0:00:00.222898, 1
cycle: 281
average reward: 0.604982
prediction: tails, observation: heads, reward: 0
Agent is trying to choose the best action, which may take some time...
282, 1, 0, 0, False, 0.183479, 170, 0.602837, 0:00:00.225613, 1
cycle: 282
average reward: 0.602837
prediction: tails, observation: heads, reward: 0
Agent is trying to choose the best action, which may take some time...
283, 1, 0, 1, False, 0.183479, 170, 0.600707, 0:00:00.230438, 1
cycle: 283
average reward: 0.600707
prediction: heads, observation: heads, reward: 1
Agent is trying to choose the best action, which may take some time...
284, 1, 1, 1, False, 0.183479, 171, 0.602113, 0:00:00.222870, 1
cycle: 284
average reward: 0.602113
prediction: heads, observation: heads, reward: 1
Agent is trying to choose the best action, which may take some time...
285, 1, 1, 1, False, 0.183479, 172, 0.603509, 0:00:00.223907, 1
cycle: 285
average reward: 0.603509
prediction: heads, observation: heads, reward: 1
Agent is trying to choose the best action, which may take some time...
286, 1, 1, 1, False, 0.183479, 173, 0.604895, 0:00:00.222486, 1
cycle: 286
average reward: 0.604895
prediction: heads, observation: heads, reward: 1
Agent is trying to choose the best action, which may take some time...
287, 1, 1, 1, False, 0.183479, 174, 0.606272, 0:00:00.224724, 1
cycle: 287
average reward: 0.606272
prediction: heads, observation: heads, reward: 1
Agent is trying to choose the best action, which may take some time...
288, 1, 1, 0, False, 0.183479, 175, 0.607639, 0:00:00.227062, 1
cycle: 288
average reward: 0.607639
prediction: tails, observation: heads, reward: 0
Agent is trying to choose the best action, which may take some time...
289, 1, 0, 0, False, 0.183479, 175, 0.605536, 0:00:00.228084, 1
cycle: 289
average reward: 0.605536
prediction: tails, observation: heads, reward: 0
Agent is trying to choose the best action, which may take some time...
290, 1, 0, 0, False, 0.183479, 175, 0.603448, 0:00:00.224714, 1
cycle: 290
average reward: 0.603448
prediction: tails, observation: heads, reward: 0
Agent is trying to choose the best action, which may take some time...
291, 1, 0, 1, False, 0.183479, 175, 0.601375, 0:00:00.232461, 1
cycle: 291
average reward: 0.601375
prediction: heads, observation: heads, reward: 1
Agent is trying to choose the best action, which may take some time...
292, 1, 1, 1, False, 0.183479, 176, 0.602740, 0:00:00.233740, 1
cycle: 292
average reward: 0.602740
prediction: heads, observation: heads, reward: 1
Agent is trying to choose the best action, which may take some time...
293, 1, 1, 0, False, 0.183479, 177, 0.604096, 0:00:00.225172, 1
cycle: 293
average reward: 0.604096
prediction: tails, observation: heads, reward: 0
Agent is trying to choose the best action, which may take some time...
294, 1, 0, 0, False, 0.183479, 177, 0.602041, 0:00:00.226503, 1
cycle: 294
average reward: 0.602041
prediction: tails, observation: heads, reward: 0
Agent is trying to choose the best action, which may take some time...
295, 1, 0, 1, False, 0.183479, 177, 0.600000, 0:00:00.224145, 1
cycle: 295
average reward: 0.600000
prediction: heads, observation: heads, reward: 1
Agent is trying to choose the best action, which may take some time...
296, 1, 1, 1, False, 0.183479, 178, 0.601351, 0:00:00.227176, 1
cycle: 296
average reward: 0.601351
prediction: heads, observation: heads, reward: 1
Agent is trying to choose the best action, which may take some time...
297, 1, 1, 1, False, 0.183479, 179, 0.602694, 0:00:00.228142, 1
cycle: 297
average reward: 0.602694
prediction: heads, observation: heads, reward: 1
Agent is trying to choose the best action, which may take some time...
298, 1, 1, 1, False, 0.183479, 180, 0.604027, 0:00:00.225292, 1
cycle: 298
average reward: 0.604027
prediction: heads, observation: heads, reward: 1
Agent is trying to choose the best action, which may take some time...
299, 1, 1, 0, False, 0.183479, 181, 0.605351, 0:00:00.228187, 1
cycle: 299
average reward: 0.605351
prediction: tails, observation: heads, reward: 0
Agent is trying to choose the best action, which may take some time...
300, 1, 0, 0, False, 0.183479, 181, 0.603333, 0:00:00.225151, 1
cycle: 300
average reward: 0.603333
prediction: tails, observation: heads, reward: 0
Agent is trying to choose the best action, which may take some time...
301, 1, 0, 0, False, 0.183479, 181, 0.601329, 0:00:00.225261, 1
cycle: 301
average reward: 0.601329
prediction: tails, observation: heads, reward: 0
Agent is trying to choose the best action, which may take some time...
302, 1, 0, 1, False, 0.183479, 181, 0.599338, 0:00:00.226327, 1
cycle: 302
average reward: 0.599338
prediction: heads, observation: heads, reward: 1
Agent is trying to choose the best action, which may take some time...
303, 1, 1, 1, False, 0.183479, 182, 0.600660, 0:00:00.225501, 1
cycle: 303
average reward: 0.600660
prediction: heads, observation: heads, reward: 1
Agent is trying to choose the best action, which may take some time...
304, 1, 1, 0, False, 0.183479, 183, 0.601974, 0:00:00.230504, 1
cycle: 304
average reward: 0.601974
prediction: tails, observation: heads, reward: 0
Agent is trying to choose the best action, which may take some time...
305, 1, 0, 0, False, 0.183479, 183, 0.600000, 0:00:00.229133, 1
cycle: 305
average reward: 0.600000
prediction: tails, observation: heads, reward: 0
Agent is trying to choose the best action, which may take some time...
306, 1, 0, 1, False, 0.183479, 183, 0.598039, 0:00:00.228138, 1
cycle: 306
average reward: 0.598039
prediction: heads, observation: heads, reward: 1
Agent is trying to choose the best action, which may take some time...
307, 1, 1, 1, False, 0.183479, 184, 0.599349, 0:00:00.224850, 1
cycle: 307
average reward: 0.599349
prediction: heads, observation: heads, reward: 1
Agent is trying to choose the best action, which may take some time...
308, 1, 1, 0, False, 0.183479, 185, 0.600649, 0:00:00.225598, 1
cycle: 308
average reward: 0.600649
prediction: tails, observation: heads, reward: 0
Agent is trying to choose the best action, which may take some time...
309, 1, 0, 1, False, 0.183479, 185, 0.598706, 0:00:00.225295, 1
cycle: 309
average reward: 0.598706
prediction: heads, observation: heads, reward: 1
Agent is trying to choose the best action, which may take some time...
310, 1, 1, 1, False, 0.183479, 186, 0.600000, 0:00:00.231377, 1
cycle: 310
average reward: 0.600000
prediction: heads, observation: heads, reward: 1
Agent is trying to choose the best action, which may take some time...
311, 1, 1, 0, False, 0.183479, 187, 0.601286, 0:00:00.235283, 1
cycle: 311
average reward: 0.601286
prediction: tails, observation: heads, reward: 0
Agent is trying to choose the best action, which may take some time...
312, 1, 0, 1, False, 0.183479, 187, 0.599359, 0:00:00.226868, 1
cycle: 312
average reward: 0.599359
prediction: heads, observation: heads, reward: 1
Agent is trying to choose the best action, which may take some time...
313, 1, 1, 0, False, 0.183479, 188, 0.600639, 0:00:00.230420, 1
cycle: 313
average reward: 0.600639
prediction: tails, observation: heads, reward: 0
Agent is trying to choose the best action, which may take some time...
314, 1, 0, 1, False, 0.183479, 188, 0.598726, 0:00:00.225152, 1
cycle: 314
average reward: 0.598726
prediction: heads, observation: heads, reward: 1
Agent is trying to choose the best action, which may take some time...
315, 1, 1, 0, False, 0.183479, 189, 0.600000, 0:00:00.226462, 1
cycle: 315
average reward: 0.600000
prediction: tails, observation: heads, reward: 0
Agent is trying to choose the best action, which may take some time...
316, 1, 0, 1, False, 0.183479, 189, 0.598101, 0:00:00.231469, 1
cycle: 316
average reward: 0.598101
prediction: heads, observation: heads, reward: 1
Agent is trying to choose the best action, which may take some time...
317, 1, 1, 1, False, 0.183479, 190, 0.599369, 0:00:00.228274, 1
cycle: 317
average reward: 0.599369
prediction: heads, observation: heads, reward: 1
Agent is trying to choose the best action, which may take some time...
318, 1, 1, 0, False, 0.183479, 191, 0.600629, 0:00:00.225882, 1
cycle: 318
average reward: 0.600629
prediction: tails, observation: heads, reward: 0
Agent is trying to choose the best action, which may take some time...
319, 1, 0, 1, False, 0.183479, 191, 0.598746, 0:00:00.229531, 1
cycle: 319
average reward: 0.598746
prediction: heads, observation: heads, reward: 1
Agent is trying to choose the best action, which may take some time...
320, 1, 1, 0, False, 0.183479, 192, 0.600000, 0:00:00.230484, 1
cycle: 320
average reward: 0.600000
prediction: tails, observation: heads, reward: 0
Agent is trying to choose the best action, which may take some time...
321, 1, 0, 0, False, 0.183479, 192, 0.598131, 0:00:00.227269, 1
cycle: 321
average reward: 0.598131
prediction: tails, observation: heads, reward: 0
Agent is trying to choose the best action, which may take some time...
322, 1, 0, 1, False, 0.183479, 192, 0.596273, 0:00:00.233101, 1
cycle: 322
average reward: 0.596273
prediction: heads, observation: heads, reward: 1
Agent is trying to choose the best action, which may take some time...
323, 1, 1, 0, False, 0.183479, 193, 0.597523, 0:00:00.226079, 1
cycle: 323
average reward: 0.597523
prediction: tails, observation: heads, reward: 0
Agent is trying to choose the best action, which may take some time...
324, 1, 0, 1, False, 0.183479, 193, 0.595679, 0:00:00.224885, 1
cycle: 324
average reward: 0.595679
prediction: heads, observation: heads, reward: 1
Agent is trying to choose the best action, which may take some time...
325, 1, 1, 1, False, 0.183479, 194, 0.596923, 0:00:00.226832, 1
cycle: 325
average reward: 0.596923
prediction: heads, observation: heads, reward: 1
Agent is trying to choose the best action, which may take some time...
326, 1, 1, 0, False, 0.183479, 195, 0.598160, 0:00:00.239247, 1
cycle: 326
average reward: 0.598160
prediction: tails, observation: heads, reward: 0
Agent is trying to choose the best action, which may take some time...
327, 1, 0, 0, False, 0.183479, 195, 0.596330, 0:00:00.229610, 1
cycle: 327
average reward: 0.596330
prediction: tails, observation: heads, reward: 0
Agent is trying to choose the best action, which may take some time...
328, 1, 0, 1, False, 0.183479, 195, 0.594512, 0:00:00.234135, 1
cycle: 328
average reward: 0.594512
prediction: heads, observation: heads, reward: 1
Agent is trying to choose the best action, which may take some time...
329, 1, 1, 1, False, 0.183479, 196, 0.595745, 0:00:00.231860, 1
cycle: 329
average reward: 0.595745
prediction: heads, observation: heads, reward: 1
Agent is trying to choose the best action, which may take some time...
330, 1, 1, 0, False, 0.183479, 197, 0.596970, 0:00:00.226770, 1
cycle: 330
average reward: 0.596970
prediction: tails, observation: heads, reward: 0
Agent is trying to choose the best action, which may take some time...
331, 1, 0, 0, False, 0.183479, 197, 0.595166, 0:00:00.227307, 1
cycle: 331
average reward: 0.595166
prediction: tails, observation: heads, reward: 0
Agent is trying to choose the best action, which may take some time...
332, 1, 0, 0, False, 0.183479, 197, 0.593373, 0:00:00.227234, 1
cycle: 332
average reward: 0.593373
prediction: tails, observation: heads, reward: 0
Agent is trying to choose the best action, which may take some time...
333, 1, 0, 1, False, 0.183479, 197, 0.591592, 0:00:00.226472, 1
cycle: 333
average reward: 0.591592
prediction: heads, observation: heads, reward: 1
Agent is trying to choose the best action, which may take some time...
334, 1, 1, 0, False, 0.183479, 198, 0.592814, 0:00:00.227667, 1
cycle: 334
average reward: 0.592814
prediction: tails, observation: heads, reward: 0
Agent is trying to choose the best action, which may take some time...
335, 1, 0, 1, False, 0.183479, 198, 0.591045, 0:00:00.227873, 1
cycle: 335
average reward: 0.591045
prediction: heads, observation: heads, reward: 1
Agent is trying to choose the best action, which may take some time...
336, 1, 1, 0, False, 0.183479, 199, 0.592262, 0:00:00.227821, 1
cycle: 336
average reward: 0.592262
prediction: tails, observation: heads, reward: 0
Agent is trying to choose the best action, which may take some time...
337, 1, 0, 0, False, 0.183479, 199, 0.590504, 0:00:00.227523, 1
cycle: 337
average reward: 0.590504
prediction: tails, observation: heads, reward: 0
Agent is trying to choose the best action, which may take some time...
338, 1, 0, 0, False, 0.183479, 199, 0.588757, 0:00:00.227678, 1
cycle: 338
average reward: 0.588757
prediction: tails, observation: heads, reward: 0
Agent is trying to choose the best action, which may take some time...
339, 1, 0, 0, False, 0.183479, 199, 0.587021, 0:00:00.227663, 1
cycle: 339
average reward: 0.587021
prediction: tails, observation: heads, reward: 0
Agent is trying to choose the best action, which may take some time...
340, 1, 0, 0, False, 0.183479, 199, 0.585294, 0:00:00.230012, 1
cycle: 340
average reward: 0.585294
prediction: tails, observation: heads, reward: 0
Agent is trying to choose the best action, which may take some time...
341, 1, 0, 0, False, 0.183479, 199, 0.583578, 0:00:00.228380, 1
cycle: 341
average reward: 0.583578
prediction: tails, observation: heads, reward: 0
Agent is trying to choose the best action, which may take some time...
342, 1, 0, 1, False, 0.183479, 199, 0.581871, 0:00:00.227827, 1
cycle: 342
average reward: 0.581871
prediction: heads, observation: heads, reward: 1
Agent is trying to choose the best action, which may take some time...
343, 1, 1, 0, False, 0.183479, 200, 0.583090, 0:00:00.229273, 1
cycle: 343
average reward: 0.583090
prediction: tails, observation: heads, reward: 0
Agent is trying to choose the best action, which may take some time...
344, 1, 0, 1, False, 0.183479, 200, 0.581395, 0:00:00.228508, 1
cycle: 344
average reward: 0.581395
prediction: heads, observation: heads, reward: 1
Agent is trying to choose the best action, which may take some time...
345, 1, 1, 1, False, 0.183479, 201, 0.582609, 0:00:00.227595, 1
cycle: 345
average reward: 0.582609
prediction: heads, observation: heads, reward: 1
Agent is trying to choose the best action, which may take some time...
346, 1, 1, 1, False, 0.183479, 202, 0.583815, 0:00:00.228157, 1
cycle: 346
average reward: 0.583815
prediction: heads, observation: heads, reward: 1
Agent is trying to choose the best action, which may take some time...
347, 1, 1, 0, False, 0.183479, 203, 0.585014, 0:00:00.227462, 1
cycle: 347
average reward: 0.585014
prediction: tails, observation: heads, reward: 0
Agent is trying to choose the best action, which may take some time...
348, 1, 0, 1, False, 0.183479, 203, 0.583333, 0:00:00.254804, 1
cycle: 348
average reward: 0.583333
prediction: heads, observation: heads, reward: 1
Agent is trying to choose the best action, which may take some time...
349, 1, 1, 0, False, 0.183479, 204, 0.584527, 0:00:00.256872, 1
cycle: 349
average reward: 0.584527
prediction: tails, observation: heads, reward: 0
Agent is trying to choose the best action, which may take some time...
350, 1, 0, 1, False, 0.183479, 204, 0.582857, 0:00:00.253276, 1
cycle: 350
average reward: 0.582857
prediction: heads, observation: heads, reward: 1
Agent is trying to choose the best action, which may take some time...
351, 1, 1, 0, False, 0.183479, 205, 0.584046, 0:00:00.255255, 1
cycle: 351
average reward: 0.584046
prediction: tails, observation: heads, reward: 0
Agent is trying to choose the best action, which may take some time...
352, 1, 0, 0, False, 0.183479, 205, 0.582386, 0:00:00.246026, 1
cycle: 352
average reward: 0.582386
prediction: tails, observation: heads, reward: 0
Agent is trying to choose the best action, which may take some time...
353, 1, 0, 1, False, 0.183479, 205, 0.580737, 0:00:00.315593, 1
cycle: 353
average reward: 0.580737
prediction: heads, observation: heads, reward: 1
Agent is trying to choose the best action, which may take some time...
354, 1, 1, 1, False, 0.183479, 206, 0.581921, 0:00:00.251719, 1
cycle: 354
average reward: 0.581921
prediction: heads, observation: heads, reward: 1
Agent is trying to choose the best action, which may take some time...
355, 1, 1, 1, False, 0.183479, 207, 0.583099, 0:00:00.247784, 1
cycle: 355
average reward: 0.583099
prediction: heads, observation: heads, reward: 1
Agent is trying to choose the best action, which may take some time...
356, 1, 1, 1, False, 0.183479, 208, 0.584270, 0:00:00.238449, 1
cycle: 356
average reward: 0.584270
prediction: heads, observation: heads, reward: 1
Agent is trying to choose the best action, which may take some time...
357, 1, 1, 1, False, 0.183479, 209, 0.585434, 0:00:00.302490, 1
cycle: 357
average reward: 0.585434
prediction: heads, observation: heads, reward: 1
Agent is trying to choose the best action, which may take some time...
358, 1, 1, 0, False, 0.183479, 210, 0.586592, 0:00:00.240261, 1
cycle: 358
average reward: 0.586592
prediction: tails, observation: heads, reward: 0
Agent is trying to choose the best action, which may take some time...
359, 1, 0, 1, False, 0.183479, 210, 0.584958, 0:00:00.244265, 1
cycle: 359
average reward: 0.584958
prediction: heads, observation: heads, reward: 1
Agent is trying to choose the best action, which may take some time...
360, 1, 1, 1, False, 0.183479, 211, 0.586111, 0:00:00.239148, 1
cycle: 360
average reward: 0.586111
prediction: heads, observation: heads, reward: 1
Agent is trying to choose the best action, which may take some time...
361, 1, 1, 0, False, 0.183479, 212, 0.587258, 0:00:00.248257, 1
cycle: 361
average reward: 0.587258
prediction: tails, observation: heads, reward: 0
Agent is trying to choose the best action, which may take some time...
362, 1, 0, 0, False, 0.183479, 212, 0.585635, 0:00:00.284771, 1
cycle: 362
average reward: 0.585635
prediction: tails, observation: heads, reward: 0
Agent is trying to choose the best action, which may take some time...
363, 1, 0, 1, False, 0.183479, 212, 0.584022, 0:00:00.244561, 1
cycle: 363
average reward: 0.584022
prediction: heads, observation: heads, reward: 1
Agent is trying to choose the best action, which may take some time...
364, 1, 1, 1, False, 0.183479, 213, 0.585165, 0:00:00.254239, 1
cycle: 364
average reward: 0.585165
prediction: heads, observation: heads, reward: 1
Agent is trying to choose the best action, which may take some time...
365, 1, 1, 1, False, 0.183479, 214, 0.586301, 0:00:00.245992, 1
cycle: 365
average reward: 0.586301
prediction: heads, observation: heads, reward: 1
Agent is trying to choose the best action, which may take some time...
366, 1, 1, 1, False, 0.183479, 215, 0.587432, 0:00:00.287710, 1
cycle: 366
average reward: 0.587432
prediction: heads, observation: heads, reward: 1
Agent is trying to choose the best action, which may take some time...
367, 1, 1, 1, False, 0.183479, 216, 0.588556, 0:00:00.243261, 1
cycle: 367
average reward: 0.588556
prediction: heads, observation: heads, reward: 1
Agent is trying to choose the best action, which may take some time...
368, 1, 1, 1, False, 0.183479, 217, 0.589674, 0:00:00.235595, 1
cycle: 368
average reward: 0.589674
prediction: heads, observation: heads, reward: 1
Agent is trying to choose the best action, which may take some time...
369, 1, 1, 0, False, 0.183479, 218, 0.590786, 0:00:00.247548, 1
cycle: 369
average reward: 0.590786
prediction: tails, observation: heads, reward: 0
Agent is trying to choose the best action, which may take some time...
370, 1, 0, 0, False, 0.183479, 218, 0.589189, 0:00:00.250868, 1
cycle: 370
average reward: 0.589189
prediction: tails, observation: heads, reward: 0
Agent is trying to choose the best action, which may take some time...
371, 1, 0, 0, False, 0.183479, 218, 0.587601, 0:00:00.248579, 1
cycle: 371
average reward: 0.587601
prediction: tails, observation: heads, reward: 0
Agent is trying to choose the best action, which may take some time...
372, 1, 0, 0, False, 0.183479, 218, 0.586022, 0:00:00.256346, 1
cycle: 372
average reward: 0.586022
prediction: tails, observation: heads, reward: 0
Agent is trying to choose the best action, which may take some time...
373, 1, 0, 0, False, 0.183479, 218, 0.584450, 0:00:00.238260, 1
cycle: 373
average reward: 0.584450
prediction: tails, observation: heads, reward: 0
Agent is trying to choose the best action, which may take some time...
374, 1, 0, 0, False, 0.183479, 218, 0.582888, 0:00:00.249043, 1
cycle: 374
average reward: 0.582888
prediction: tails, observation: heads, reward: 0
Agent is trying to choose the best action, which may take some time...
375, 1, 0, 1, False, 0.183479, 218, 0.581333, 0:00:00.247652, 1
cycle: 375
average reward: 0.581333
prediction: heads, observation: heads, reward: 1
Agent is trying to choose the best action, which may take some time...
376, 1, 1, 0, False, 0.183479, 219, 0.582447, 0:00:00.246787, 1
cycle: 376
average reward: 0.582447
prediction: tails, observation: heads, reward: 0
Agent is trying to choose the best action, which may take some time...
377, 1, 0, 1, False, 0.183479, 219, 0.580902, 0:00:00.244444, 1
cycle: 377
average reward: 0.580902
prediction: heads, observation: heads, reward: 1
Agent is trying to choose the best action, which may take some time...
378, 1, 1, 0, False, 0.183479, 220, 0.582011, 0:00:00.246513, 1
cycle: 378
average reward: 0.582011
prediction: tails, observation: heads, reward: 0
Agent is trying to choose the best action, which may take some time...
379, 1, 0, 0, False, 0.183479, 220, 0.580475, 0:00:00.239821, 1
cycle: 379
average reward: 0.580475
prediction: tails, observation: heads, reward: 0
Agent is trying to choose the best action, which may take some time...
380, 1, 0, 1, False, 0.183479, 220, 0.578947, 0:00:00.240018, 1
cycle: 380
average reward: 0.578947
prediction: heads, observation: heads, reward: 1
Agent is trying to choose the best action, which may take some time...
381, 1, 1, 0, False, 0.183479, 221, 0.580052, 0:00:00.250346, 1
cycle: 381
average reward: 0.580052
prediction: tails, observation: heads, reward: 0
Agent is trying to choose the best action, which may take some time...
382, 1, 0, 1, False, 0.183479, 221, 0.578534, 0:00:00.243523, 1
cycle: 382
average reward: 0.578534
prediction: heads, observation: heads, reward: 1
Agent is trying to choose the best action, which may take some time...
383, 1, 1, 1, False, 0.183479, 222, 0.579634, 0:00:00.250357, 1
cycle: 383
average reward: 0.579634
prediction: heads, observation: heads, reward: 1
Agent is trying to choose the best action, which may take some time...
384, 1, 1, 0, False, 0.183479, 223, 0.580729, 0:00:00.252436, 1
cycle: 384
average reward: 0.580729
prediction: tails, observation: heads, reward: 0
Agent is trying to choose the best action, which may take some time...
385, 1, 0, 0, False, 0.183479, 223, 0.579221, 0:00:00.254618, 1
cycle: 385
average reward: 0.579221
prediction: tails, observation: heads, reward: 0
Agent is trying to choose the best action, which may take some time...
386, 1, 0, 0, False, 0.183479, 223, 0.577720, 0:00:00.264088, 1
cycle: 386
average reward: 0.577720
prediction: tails, observation: heads, reward: 0
Agent is trying to choose the best action, which may take some time...
387, 1, 0, 0, False, 0.183479, 223, 0.576227, 0:00:00.255890, 1
cycle: 387
average reward: 0.576227
prediction: tails, observation: heads, reward: 0
Agent is trying to choose the best action, which may take some time...
388, 1, 0, 1, False, 0.183479, 223, 0.574742, 0:00:00.255049, 1
cycle: 388
average reward: 0.574742
prediction: heads, observation: heads, reward: 1
Agent is trying to choose the best action, which may take some time...
389, 1, 1, 0, False, 0.183479, 224, 0.575835, 0:00:00.259533, 1
cycle: 389
average reward: 0.575835
prediction: tails, observation: heads, reward: 0
Agent is trying to choose the best action, which may take some time...
390, 1, 0, 0, False, 0.183479, 224, 0.574359, 0:00:00.247122, 1
cycle: 390
average reward: 0.574359
prediction: tails, observation: heads, reward: 0
Agent is trying to choose the best action, which may take some time...
391, 1, 0, 0, False, 0.183479, 224, 0.572890, 0:00:00.294971, 1
cycle: 391
average reward: 0.572890
prediction: tails, observation: heads, reward: 0
Agent is trying to choose the best action, which may take some time...
392, 1, 0, 0, False, 0.183479, 224, 0.571429, 0:00:00.305045, 1
cycle: 392
average reward: 0.571429
prediction: tails, observation: heads, reward: 0
Agent is trying to choose the best action, which may take some time...
393, 1, 0, 0, False, 0.183479, 224, 0.569975, 0:00:00.246603, 1
cycle: 393
average reward: 0.569975
prediction: tails, observation: heads, reward: 0
Agent is trying to choose the best action, which may take some time...
394, 1, 0, 0, False, 0.183479, 224, 0.568528, 0:00:00.248425, 1
cycle: 394
average reward: 0.568528
prediction: tails, observation: heads, reward: 0
Agent is trying to choose the best action, which may take some time...
395, 1, 0, 1, False, 0.183479, 224, 0.567089, 0:00:00.250139, 1
cycle: 395
average reward: 0.567089
prediction: heads, observation: heads, reward: 1
Agent is trying to choose the best action, which may take some time...
396, 1, 1, 1, False, 0.183479, 225, 0.568182, 0:00:00.261982, 1
cycle: 396
average reward: 0.568182
prediction: heads, observation: heads, reward: 1
Agent is trying to choose the best action, which may take some time...
397, 1, 1, 1, False, 0.183479, 226, 0.569270, 0:00:00.249322, 1
cycle: 397
average reward: 0.569270
prediction: heads, observation: heads, reward: 1
Agent is trying to choose the best action, which may take some time...
398, 1, 1, 1, False, 0.183479, 227, 0.570352, 0:00:00.248683, 1
cycle: 398
average reward: 0.570352
prediction: heads, observation: heads, reward: 1
Agent is trying to choose the best action, which may take some time...
399, 1, 1, 0, False, 0.183479, 228, 0.571429, 0:00:00.250014, 1
cycle: 399
average reward: 0.571429
prediction: tails, observation: heads, reward: 0
Agent is trying to choose the best action, which may take some time...
400, 1, 0, 1, False, 0.183479, 228, 0.570000, 0:00:00.249241, 1
cycle: 400
average reward: 0.570000
prediction: heads, observation: heads, reward: 1
Agent is trying to choose the best action, which may take some time...
401, 1, 1, 0, False, 0.183479, 229, 0.571072, 0:00:00.258661, 1
cycle: 401
average reward: 0.571072
prediction: tails, observation: heads, reward: 0
SUMMARY:
agent age: 401
average reward: 0.571072
