OPTION: 'agent' = 'mc_aixi_ctw'
OPTION: 'agent-horizon' = '6'
OPTION: 'ct-depth' = '4'
OPTION: 'environment' = 'coin_flip'
OPTION: 'exploration' = '0.1'
OPTION: 'explore-decay' = '0.995'
OPTION: 'learning-period' = '200'
OPTION: 'mc-simulations' = '300'
OPTION: 'profile' = 'False'
OPTION: 'terminate-age' = '400'
OPTION: 'verbose' = 'True'
OPTION: 'coin-flip-p' = '0.8'
cycle, observation, reward, action, explored, explore_rate, total reward, average reward, time, model size
Agent is trying to choose the best action, which may take some time...
1, 1, 0, 0, False, 0.100000, 0, 0.000000, 0:00:00.519468, 1
cycle: 1
average reward: 0.000000
explore rate: 0.100000

prediction: tails, observation: heads, reward: 0
Agent is trying to choose the best action, which may take some time...
2, 1, 0, 1, False, 0.099500, 0, 0.000000, 0:00:00.495316, 1
cycle: 2
average reward: 0.000000
explore rate: 0.099500

prediction: heads, observation: heads, reward: 1
Agent is trying to choose the best action, which may take some time...
3, 1, 1, 1, False, 0.099003, 1, 0.333333, 0:00:00.554341, 1
cycle: 3
average reward: 0.333333
explore rate: 0.099003

prediction: heads, observation: heads, reward: 1
Agent is trying to choose the best action, which may take some time...
4, 1, 1, 1, False, 0.098507, 2, 0.500000, 0:00:00.676682, 1
cycle: 4
average reward: 0.500000
explore rate: 0.098507

prediction: heads, observation: heads, reward: 1
Agent is trying an action at random...
5, 1, 1, 1, True, 0.098015, 3, 0.600000, 0:00:00.000071, 1
cycle: 5
average reward: 0.600000
explore rate: 0.098015

prediction: heads, observation: tails, reward: 0
Agent is trying to choose the best action, which may take some time...
6, 0, 0, 0, False, 0.097525, 3, 0.500000, 0:00:00.526781, 1
cycle: 6
average reward: 0.500000
explore rate: 0.097525

prediction: tails, observation: heads, reward: 0
Agent is trying to choose the best action, which may take some time...
7, 1, 0, 1, False, 0.097037, 3, 0.428571, 0:00:00.510716, 1
cycle: 7
average reward: 0.428571
explore rate: 0.097037

prediction: heads, observation: heads, reward: 1
Agent is trying to choose the best action, which may take some time...
8, 1, 1, 0, False, 0.096552, 4, 0.500000, 0:00:00.568951, 1
cycle: 8
average reward: 0.500000
explore rate: 0.096552

prediction: tails, observation: heads, reward: 0
Agent is trying to choose the best action, which may take some time...
9, 1, 0, 1, False, 0.096069, 4, 0.444444, 0:00:00.513267, 1
cycle: 9
average reward: 0.444444
explore rate: 0.096069

prediction: heads, observation: heads, reward: 1
Agent is trying to choose the best action, which may take some time...
10, 1, 1, 1, False, 0.095589, 5, 0.500000, 0:00:00.484632, 1
cycle: 10
average reward: 0.500000
explore rate: 0.095589

prediction: heads, observation: heads, reward: 1
Agent is trying to choose the best action, which may take some time...
11, 1, 1, 1, False, 0.095111, 6, 0.545455, 0:00:00.501837, 1
cycle: 11
average reward: 0.545455
explore rate: 0.095111

prediction: heads, observation: heads, reward: 1
Agent is trying to choose the best action, which may take some time...
12, 1, 1, 1, False, 0.094635, 7, 0.583333, 0:00:00.487938, 1
cycle: 12
average reward: 0.583333
explore rate: 0.094635

prediction: heads, observation: heads, reward: 1
Agent is trying an action at random...
13, 1, 1, 0, True, 0.094162, 8, 0.615385, 0:00:00.000064, 1
cycle: 13
average reward: 0.615385
explore rate: 0.094162

prediction: tails, observation: heads, reward: 0
Agent is trying to choose the best action, which may take some time...
14, 1, 0, 1, False, 0.093691, 8, 0.571429, 0:00:00.502274, 1
cycle: 14
average reward: 0.571429
explore rate: 0.093691

prediction: heads, observation: tails, reward: 0
Agent is trying to choose the best action, which may take some time...
15, 0, 0, 0, False, 0.093223, 8, 0.533333, 0:00:00.505175, 1
cycle: 15
average reward: 0.533333
explore rate: 0.093223

prediction: tails, observation: heads, reward: 0
Agent is trying to choose the best action, which may take some time...
16, 1, 0, 0, False, 0.092757, 8, 0.500000, 0:00:00.525111, 1
cycle: 16
average reward: 0.500000
explore rate: 0.092757

prediction: tails, observation: heads, reward: 0
Agent is trying to choose the best action, which may take some time...
17, 1, 0, 1, False, 0.092293, 8, 0.470588, 0:00:00.530028, 1
cycle: 17
average reward: 0.470588
explore rate: 0.092293

prediction: heads, observation: tails, reward: 0
Agent is trying to choose the best action, which may take some time...
18, 0, 0, 0, False, 0.091832, 8, 0.444444, 0:00:00.542141, 1
cycle: 18
average reward: 0.444444
explore rate: 0.091832

prediction: tails, observation: heads, reward: 0
Agent is trying to choose the best action, which may take some time...
19, 1, 0, 1, False, 0.091372, 8, 0.421053, 0:00:00.546888, 1
cycle: 19
average reward: 0.421053
explore rate: 0.091372

prediction: heads, observation: heads, reward: 1
Agent is trying to choose the best action, which may take some time...
20, 1, 1, 1, False, 0.090916, 9, 0.450000, 0:00:00.570490, 1
cycle: 20
average reward: 0.450000
explore rate: 0.090916

prediction: heads, observation: heads, reward: 1
Agent is trying to choose the best action, which may take some time...
21, 1, 1, 0, False, 0.090461, 10, 0.476190, 0:00:00.491009, 1
cycle: 21
average reward: 0.476190
explore rate: 0.090461

prediction: tails, observation: heads, reward: 0
Agent is trying to choose the best action, which may take some time...
22, 1, 0, 0, False, 0.090009, 10, 0.454545, 0:00:00.604236, 1
cycle: 22
average reward: 0.454545
explore rate: 0.090009

prediction: tails, observation: heads, reward: 0
Agent is trying to choose the best action, which may take some time...
23, 1, 0, 0, False, 0.089559, 10, 0.434783, 0:00:00.524648, 1
cycle: 23
average reward: 0.434783
explore rate: 0.089559

prediction: tails, observation: heads, reward: 0
Agent is trying to choose the best action, which may take some time...
24, 1, 0, 0, False, 0.089111, 10, 0.416667, 0:00:00.561025, 1
cycle: 24
average reward: 0.416667
explore rate: 0.089111

prediction: tails, observation: heads, reward: 0
Agent is trying to choose the best action, which may take some time...
25, 1, 0, 0, False, 0.088665, 10, 0.400000, 0:00:00.524799, 1
cycle: 25
average reward: 0.400000
explore rate: 0.088665

prediction: tails, observation: heads, reward: 0
Agent is trying an action at random...
26, 1, 0, 0, True, 0.088222, 10, 0.384615, 0:00:00.000066, 1
cycle: 26
average reward: 0.384615
explore rate: 0.088222

prediction: tails, observation: heads, reward: 0
Agent is trying to choose the best action, which may take some time...
27, 1, 0, 1, False, 0.087781, 10, 0.370370, 0:00:00.515882, 1
cycle: 27
average reward: 0.370370
explore rate: 0.087781

prediction: heads, observation: tails, reward: 0
Agent is trying to choose the best action, which may take some time...
28, 0, 0, 0, False, 0.087342, 10, 0.357143, 0:00:00.504865, 1
cycle: 28
average reward: 0.357143
explore rate: 0.087342

prediction: tails, observation: heads, reward: 0
Agent is trying to choose the best action, which may take some time...
29, 1, 0, 1, False, 0.086905, 10, 0.344828, 0:00:00.524889, 1
cycle: 29
average reward: 0.344828
explore rate: 0.086905

prediction: heads, observation: tails, reward: 0
Agent is trying an action at random...
30, 0, 0, 1, True, 0.086471, 10, 0.333333, 0:00:00.000072, 1
cycle: 30
average reward: 0.333333
explore rate: 0.086471

prediction: heads, observation: heads, reward: 1
Agent is trying an action at random...
31, 1, 1, 0, True, 0.086038, 11, 0.354839, 0:00:00.000060, 1
cycle: 31
average reward: 0.354839
explore rate: 0.086038

prediction: tails, observation: heads, reward: 0
Agent is trying to choose the best action, which may take some time...
32, 1, 0, 1, False, 0.085608, 11, 0.343750, 0:00:00.521937, 1
cycle: 32
average reward: 0.343750
explore rate: 0.085608

prediction: heads, observation: heads, reward: 1
Agent is trying to choose the best action, which may take some time...
33, 1, 1, 1, False, 0.085180, 12, 0.363636, 0:00:00.566316, 1
cycle: 33
average reward: 0.363636
explore rate: 0.085180

prediction: heads, observation: heads, reward: 1
Agent is trying to choose the best action, which may take some time...
34, 1, 1, 1, False, 0.084754, 13, 0.382353, 0:00:00.495416, 1
cycle: 34
average reward: 0.382353
explore rate: 0.084754

prediction: heads, observation: heads, reward: 1
Agent is trying an action at random...
35, 1, 1, 1, True, 0.084331, 14, 0.400000, 0:00:00.000063, 1
cycle: 35
average reward: 0.400000
explore rate: 0.084331

prediction: heads, observation: heads, reward: 1
Agent is trying to choose the best action, which may take some time...
36, 1, 1, 0, False, 0.083909, 15, 0.416667, 0:00:00.496758, 1
cycle: 36
average reward: 0.416667
explore rate: 0.083909

prediction: tails, observation: heads, reward: 0
Agent is trying an action at random...
37, 1, 0, 0, True, 0.083489, 15, 0.405405, 0:00:00.000063, 1
cycle: 37
average reward: 0.405405
explore rate: 0.083489

prediction: tails, observation: tails, reward: 1
Agent is trying to choose the best action, which may take some time...
38, 0, 1, 1, False, 0.083072, 16, 0.421053, 0:00:00.489499, 1
cycle: 38
average reward: 0.421053
explore rate: 0.083072

prediction: heads, observation: heads, reward: 1
Agent is trying to choose the best action, which may take some time...
39, 1, 1, 1, False, 0.082657, 17, 0.435897, 0:00:00.492290, 1
cycle: 39
average reward: 0.435897
explore rate: 0.082657

prediction: heads, observation: heads, reward: 1
Agent is trying an action at random...
40, 1, 1, 0, True, 0.082243, 18, 0.450000, 0:00:00.000066, 1
cycle: 40
average reward: 0.450000
explore rate: 0.082243

prediction: tails, observation: heads, reward: 0
Agent is trying to choose the best action, which may take some time...
41, 1, 0, 1, False, 0.081832, 18, 0.439024, 0:00:00.496461, 1
cycle: 41
average reward: 0.439024
explore rate: 0.081832

prediction: heads, observation: heads, reward: 1
Agent is trying to choose the best action, which may take some time...
42, 1, 1, 0, False, 0.081423, 19, 0.452381, 0:00:00.518474, 1
cycle: 42
average reward: 0.452381
explore rate: 0.081423

prediction: tails, observation: heads, reward: 0
Agent is trying to choose the best action, which may take some time...
43, 1, 0, 0, False, 0.081016, 19, 0.441860, 0:00:00.509813, 1
cycle: 43
average reward: 0.441860
explore rate: 0.081016

prediction: tails, observation: heads, reward: 0
Agent is trying an action at random...
44, 1, 0, 1, True, 0.080611, 19, 0.431818, 0:00:00.000107, 1
cycle: 44
average reward: 0.431818
explore rate: 0.080611

prediction: heads, observation: heads, reward: 1
Agent is trying to choose the best action, which may take some time...
45, 1, 1, 0, False, 0.080208, 20, 0.444444, 0:00:00.508634, 1
cycle: 45
average reward: 0.444444
explore rate: 0.080208

prediction: tails, observation: tails, reward: 1
Agent is trying to choose the best action, which may take some time...
46, 0, 1, 1, False, 0.079807, 21, 0.456522, 0:00:00.517413, 1
cycle: 46
average reward: 0.456522
explore rate: 0.079807

prediction: heads, observation: heads, reward: 1
Agent is trying to choose the best action, which may take some time...
47, 1, 1, 1, False, 0.079408, 22, 0.468085, 0:00:00.521289, 1
cycle: 47
average reward: 0.468085
explore rate: 0.079408

prediction: heads, observation: tails, reward: 0
Agent is trying to choose the best action, which may take some time...
48, 0, 0, 0, False, 0.079010, 22, 0.458333, 0:00:00.495272, 1
cycle: 48
average reward: 0.458333
explore rate: 0.079010

prediction: tails, observation: tails, reward: 1
Agent is trying to choose the best action, which may take some time...
49, 0, 1, 1, False, 0.078615, 23, 0.469388, 0:00:00.491713, 1
cycle: 49
average reward: 0.469388
explore rate: 0.078615

prediction: heads, observation: heads, reward: 1
Agent is trying to choose the best action, which may take some time...
50, 1, 1, 1, False, 0.078222, 24, 0.480000, 0:00:00.497424, 1
cycle: 50
average reward: 0.480000
explore rate: 0.078222

prediction: heads, observation: tails, reward: 0
Agent is trying to choose the best action, which may take some time...
51, 0, 0, 0, False, 0.077831, 24, 0.470588, 0:00:00.528696, 1
cycle: 51
average reward: 0.470588
explore rate: 0.077831

prediction: tails, observation: heads, reward: 0
Agent is trying to choose the best action, which may take some time...
52, 1, 0, 1, False, 0.077442, 24, 0.461538, 0:00:00.525642, 1
cycle: 52
average reward: 0.461538
explore rate: 0.077442

prediction: heads, observation: heads, reward: 1
Agent is trying to choose the best action, which may take some time...
53, 1, 1, 0, False, 0.077055, 25, 0.471698, 0:00:00.510243, 1
cycle: 53
average reward: 0.471698
explore rate: 0.077055

prediction: tails, observation: heads, reward: 0
Agent is trying to choose the best action, which may take some time...
54, 1, 0, 1, False, 0.076670, 25, 0.462963, 0:00:00.510526, 1
cycle: 54
average reward: 0.462963
explore rate: 0.076670

prediction: heads, observation: heads, reward: 1
Agent is trying to choose the best action, which may take some time...
55, 1, 1, 0, False, 0.076286, 26, 0.472727, 0:00:00.533153, 1
cycle: 55
average reward: 0.472727
explore rate: 0.076286

prediction: tails, observation: heads, reward: 0
Agent is trying to choose the best action, which may take some time...
56, 1, 0, 1, False, 0.075905, 26, 0.464286, 0:00:00.554507, 1
cycle: 56
average reward: 0.464286
explore rate: 0.075905

prediction: heads, observation: heads, reward: 1
Agent is trying to choose the best action, which may take some time...
57, 1, 1, 0, False, 0.075525, 27, 0.473684, 0:00:00.525835, 1
cycle: 57
average reward: 0.473684
explore rate: 0.075525

prediction: tails, observation: heads, reward: 0
Agent is trying to choose the best action, which may take some time...
58, 1, 0, 0, False, 0.075148, 27, 0.465517, 0:00:00.593532, 1
cycle: 58
average reward: 0.465517
explore rate: 0.075148

prediction: tails, observation: heads, reward: 0
Agent is trying to choose the best action, which may take some time...
59, 1, 0, 0, False, 0.074772, 27, 0.457627, 0:00:00.517145, 1
cycle: 59
average reward: 0.457627
explore rate: 0.074772

prediction: tails, observation: tails, reward: 1
Agent is trying to choose the best action, which may take some time...
60, 0, 1, 0, False, 0.074398, 28, 0.466667, 0:00:00.562389, 1
cycle: 60
average reward: 0.466667
explore rate: 0.074398

prediction: tails, observation: heads, reward: 0
Agent is trying to choose the best action, which may take some time...
61, 1, 0, 0, False, 0.074026, 28, 0.459016, 0:00:00.518953, 1
cycle: 61
average reward: 0.459016
explore rate: 0.074026

prediction: tails, observation: heads, reward: 0
Agent is trying to choose the best action, which may take some time...
62, 1, 0, 1, False, 0.073656, 28, 0.451613, 0:00:00.510919, 1
cycle: 62
average reward: 0.451613
explore rate: 0.073656

prediction: heads, observation: heads, reward: 1
Agent is trying to choose the best action, which may take some time...
63, 1, 1, 0, False, 0.073288, 29, 0.460317, 0:00:00.503951, 1
cycle: 63
average reward: 0.460317
explore rate: 0.073288

prediction: tails, observation: tails, reward: 1
Agent is trying to choose the best action, which may take some time...
64, 0, 1, 0, False, 0.072921, 30, 0.468750, 0:00:00.489596, 1
cycle: 64
average reward: 0.468750
explore rate: 0.072921

prediction: tails, observation: heads, reward: 0
Agent is trying to choose the best action, which may take some time...
65, 1, 0, 0, False, 0.072557, 30, 0.461538, 0:00:00.536128, 1
cycle: 65
average reward: 0.461538
explore rate: 0.072557

prediction: tails, observation: heads, reward: 0
Agent is trying to choose the best action, which may take some time...
66, 1, 0, 0, False, 0.072194, 30, 0.454545, 0:00:00.572493, 1
cycle: 66
average reward: 0.454545
explore rate: 0.072194

prediction: tails, observation: heads, reward: 0
Agent is trying to choose the best action, which may take some time...
67, 1, 0, 0, False, 0.071833, 30, 0.447761, 0:00:00.543946, 1
cycle: 67
average reward: 0.447761
explore rate: 0.071833

prediction: tails, observation: heads, reward: 0
Agent is trying to choose the best action, which may take some time...
68, 1, 0, 1, False, 0.071474, 30, 0.441176, 0:00:00.534736, 1
cycle: 68
average reward: 0.441176
explore rate: 0.071474

prediction: heads, observation: heads, reward: 1
Agent is trying to choose the best action, which may take some time...
69, 1, 1, 0, False, 0.071116, 31, 0.449275, 0:00:00.574207, 1
cycle: 69
average reward: 0.449275
explore rate: 0.071116

prediction: tails, observation: heads, reward: 0
Agent is trying to choose the best action, which may take some time...
70, 1, 0, 0, False, 0.070761, 31, 0.442857, 0:00:00.579353, 1
cycle: 70
average reward: 0.442857
explore rate: 0.070761

prediction: tails, observation: heads, reward: 0
Agent is trying to choose the best action, which may take some time...
71, 1, 0, 1, False, 0.070407, 31, 0.436620, 0:00:00.601060, 1
cycle: 71
average reward: 0.436620
explore rate: 0.070407

prediction: heads, observation: heads, reward: 1
Agent is trying to choose the best action, which may take some time...
72, 1, 1, 1, False, 0.070055, 32, 0.444444, 0:00:00.535865, 1
cycle: 72
average reward: 0.444444
explore rate: 0.070055

prediction: heads, observation: heads, reward: 1
Agent is trying to choose the best action, which may take some time...
73, 1, 1, 0, False, 0.069705, 33, 0.452055, 0:00:00.550172, 1
cycle: 73
average reward: 0.452055
explore rate: 0.069705

prediction: tails, observation: heads, reward: 0
Agent is trying to choose the best action, which may take some time...
74, 1, 0, 0, False, 0.069356, 33, 0.445946, 0:00:00.507987, 1
cycle: 74
average reward: 0.445946
explore rate: 0.069356

prediction: tails, observation: heads, reward: 0
Agent is trying to choose the best action, which may take some time...
75, 1, 0, 0, False, 0.069009, 33, 0.440000, 0:00:00.507114, 1
cycle: 75
average reward: 0.440000
explore rate: 0.069009

prediction: tails, observation: tails, reward: 1
Agent is trying to choose the best action, which may take some time...
76, 0, 1, 1, False, 0.068664, 34, 0.447368, 0:00:00.600996, 1
cycle: 76
average reward: 0.447368
explore rate: 0.068664

prediction: heads, observation: tails, reward: 0
Agent is trying to choose the best action, which may take some time...
77, 0, 0, 0, False, 0.068321, 34, 0.441558, 0:00:00.586817, 1
cycle: 77
average reward: 0.441558
explore rate: 0.068321

prediction: tails, observation: heads, reward: 0
Agent is trying to choose the best action, which may take some time...
78, 1, 0, 0, False, 0.067979, 34, 0.435897, 0:00:00.508351, 1
cycle: 78
average reward: 0.435897
explore rate: 0.067979

prediction: tails, observation: heads, reward: 0
Agent is trying to choose the best action, which may take some time...
79, 1, 0, 0, False, 0.067639, 34, 0.430380, 0:00:00.520586, 1
cycle: 79
average reward: 0.430380
explore rate: 0.067639

prediction: tails, observation: heads, reward: 0
Agent is trying to choose the best action, which may take some time...
80, 1, 0, 1, False, 0.067301, 34, 0.425000, 0:00:00.509401, 1
cycle: 80
average reward: 0.425000
explore rate: 0.067301

prediction: heads, observation: heads, reward: 1
Agent is trying to choose the best action, which may take some time...
81, 1, 1, 1, False, 0.066965, 35, 0.432099, 0:00:00.501630, 1
cycle: 81
average reward: 0.432099
explore rate: 0.066965

prediction: heads, observation: tails, reward: 0
Agent is trying to choose the best action, which may take some time...
82, 0, 0, 0, False, 0.066630, 35, 0.426829, 0:00:00.492781, 1
cycle: 82
average reward: 0.426829
explore rate: 0.066630

prediction: tails, observation: heads, reward: 0
Agent is trying to choose the best action, which may take some time...
83, 1, 0, 1, False, 0.066297, 35, 0.421687, 0:00:00.522534, 1
cycle: 83
average reward: 0.421687
explore rate: 0.066297

prediction: heads, observation: heads, reward: 1
Agent is trying to choose the best action, which may take some time...
84, 1, 1, 0, False, 0.065965, 36, 0.428571, 0:00:00.502777, 1
cycle: 84
average reward: 0.428571
explore rate: 0.065965

prediction: tails, observation: tails, reward: 1
Agent is trying to choose the best action, which may take some time...
85, 0, 1, 1, False, 0.065635, 37, 0.435294, 0:00:00.527071, 1
cycle: 85
average reward: 0.435294
explore rate: 0.065635

prediction: heads, observation: heads, reward: 1
Agent is trying to choose the best action, which may take some time...
86, 1, 1, 1, False, 0.065307, 38, 0.441860, 0:00:00.570348, 1
cycle: 86
average reward: 0.441860
explore rate: 0.065307

prediction: heads, observation: tails, reward: 0
Agent is trying to choose the best action, which may take some time...
87, 0, 0, 1, False, 0.064981, 38, 0.436782, 0:00:00.530451, 1
cycle: 87
average reward: 0.436782
explore rate: 0.064981

prediction: heads, observation: heads, reward: 1
Agent is trying an action at random...
88, 1, 1, 1, True, 0.064656, 39, 0.443182, 0:00:00.000064, 1
cycle: 88
average reward: 0.443182
explore rate: 0.064656

prediction: heads, observation: tails, reward: 0
Agent is trying to choose the best action, which may take some time...
89, 0, 0, 1, False, 0.064333, 39, 0.438202, 0:00:00.570326, 1
cycle: 89
average reward: 0.438202
explore rate: 0.064333

prediction: heads, observation: heads, reward: 1
Agent is trying to choose the best action, which may take some time...
90, 1, 1, 1, False, 0.064011, 40, 0.444444, 0:00:00.532751, 1
cycle: 90
average reward: 0.444444
explore rate: 0.064011

prediction: heads, observation: heads, reward: 1
Agent is trying to choose the best action, which may take some time...
91, 1, 1, 1, False, 0.063691, 41, 0.450549, 0:00:00.500202, 1
cycle: 91
average reward: 0.450549
explore rate: 0.063691

prediction: heads, observation: tails, reward: 0
Agent is trying to choose the best action, which may take some time...
92, 0, 0, 1, False, 0.063372, 41, 0.445652, 0:00:00.493454, 1
cycle: 92
average reward: 0.445652
explore rate: 0.063372

prediction: heads, observation: heads, reward: 1
Agent is trying to choose the best action, which may take some time...
93, 1, 1, 1, False, 0.063056, 42, 0.451613, 0:00:00.499985, 1
cycle: 93
average reward: 0.451613
explore rate: 0.063056

prediction: heads, observation: tails, reward: 0
Agent is trying to choose the best action, which may take some time...
94, 0, 0, 1, False, 0.062740, 42, 0.446809, 0:00:00.507803, 1
cycle: 94
average reward: 0.446809
explore rate: 0.062740

prediction: heads, observation: heads, reward: 1
Agent is trying to choose the best action, which may take some time...
95, 1, 1, 0, False, 0.062427, 43, 0.452632, 0:00:00.550776, 1
cycle: 95
average reward: 0.452632
explore rate: 0.062427

prediction: tails, observation: heads, reward: 0
Agent is trying to choose the best action, which may take some time...
96, 1, 0, 1, False, 0.062114, 43, 0.447917, 0:00:00.552926, 1
cycle: 96
average reward: 0.447917
explore rate: 0.062114

prediction: heads, observation: heads, reward: 1
Agent is trying to choose the best action, which may take some time...
97, 1, 1, 1, False, 0.061804, 44, 0.453608, 0:00:00.511214, 1
cycle: 97
average reward: 0.453608
explore rate: 0.061804

prediction: heads, observation: heads, reward: 1
Agent is trying to choose the best action, which may take some time...
98, 1, 1, 0, False, 0.061495, 45, 0.459184, 0:00:00.492776, 1
cycle: 98
average reward: 0.459184
explore rate: 0.061495

prediction: tails, observation: heads, reward: 0
Agent is trying to choose the best action, which may take some time...
99, 1, 0, 1, False, 0.061187, 45, 0.454545, 0:00:00.491715, 1
cycle: 99
average reward: 0.454545
explore rate: 0.061187

prediction: heads, observation: heads, reward: 1
Agent is trying to choose the best action, which may take some time...
100, 1, 1, 0, False, 0.060881, 46, 0.460000, 0:00:00.487007, 1
cycle: 100
average reward: 0.460000
explore rate: 0.060881

prediction: tails, observation: tails, reward: 1
Agent is trying to choose the best action, which may take some time...
101, 0, 1, 1, False, 0.060577, 47, 0.465347, 0:00:00.493942, 1
cycle: 101
average reward: 0.465347
explore rate: 0.060577

prediction: heads, observation: tails, reward: 0
Agent is trying to choose the best action, which may take some time...
102, 0, 0, 0, False, 0.060274, 47, 0.460784, 0:00:00.506574, 1
cycle: 102
average reward: 0.460784
explore rate: 0.060274

prediction: tails, observation: heads, reward: 0
Agent is trying to choose the best action, which may take some time...
103, 1, 0, 1, False, 0.059973, 47, 0.456311, 0:00:00.494499, 1
cycle: 103
average reward: 0.456311
explore rate: 0.059973

prediction: heads, observation: heads, reward: 1
Agent is trying to choose the best action, which may take some time...
104, 1, 1, 0, False, 0.059673, 48, 0.461538, 0:00:00.503745, 1
cycle: 104
average reward: 0.461538
explore rate: 0.059673

prediction: tails, observation: heads, reward: 0
Agent is trying to choose the best action, which may take some time...
105, 1, 0, 1, False, 0.059375, 48, 0.457143, 0:00:00.492499, 1
cycle: 105
average reward: 0.457143
explore rate: 0.059375

prediction: heads, observation: heads, reward: 1
Agent is trying to choose the best action, which may take some time...
106, 1, 1, 0, False, 0.059078, 49, 0.462264, 0:00:00.494167, 1
cycle: 106
average reward: 0.462264
explore rate: 0.059078

prediction: tails, observation: heads, reward: 0
Agent is trying to choose the best action, which may take some time...
107, 1, 0, 0, False, 0.058782, 49, 0.457944, 0:00:00.489905, 1
cycle: 107
average reward: 0.457944
explore rate: 0.058782

prediction: tails, observation: tails, reward: 1
Agent is trying to choose the best action, which may take some time...
108, 0, 1, 0, False, 0.058488, 50, 0.462963, 0:00:00.497977, 1
cycle: 108
average reward: 0.462963
explore rate: 0.058488

prediction: tails, observation: heads, reward: 0
Agent is trying to choose the best action, which may take some time...
109, 1, 0, 0, False, 0.058196, 50, 0.458716, 0:00:00.491106, 1
cycle: 109
average reward: 0.458716
explore rate: 0.058196

prediction: tails, observation: heads, reward: 0
Agent is trying to choose the best action, which may take some time...
110, 1, 0, 1, False, 0.057905, 50, 0.454545, 0:00:00.493144, 1
cycle: 110
average reward: 0.454545
explore rate: 0.057905

prediction: heads, observation: heads, reward: 1
Agent is trying to choose the best action, which may take some time...
111, 1, 1, 1, False, 0.057615, 51, 0.459459, 0:00:00.490500, 1
cycle: 111
average reward: 0.459459
explore rate: 0.057615

prediction: heads, observation: heads, reward: 1
Agent is trying an action at random...
112, 1, 1, 1, True, 0.057327, 52, 0.464286, 0:00:00.000069, 1
cycle: 112
average reward: 0.464286
explore rate: 0.057327

prediction: heads, observation: heads, reward: 1
Agent is trying to choose the best action, which may take some time...
113, 1, 1, 0, False, 0.057041, 53, 0.469027, 0:00:00.494482, 1
cycle: 113
average reward: 0.469027
explore rate: 0.057041

prediction: tails, observation: heads, reward: 0
Agent is trying an action at random...
114, 1, 0, 1, True, 0.056756, 53, 0.464912, 0:00:00.000066, 1
cycle: 114
average reward: 0.464912
explore rate: 0.056756

prediction: heads, observation: heads, reward: 1
Agent is trying to choose the best action, which may take some time...
115, 1, 1, 1, False, 0.056472, 54, 0.469565, 0:00:00.493503, 1
cycle: 115
average reward: 0.469565
explore rate: 0.056472

prediction: heads, observation: tails, reward: 0
Agent is trying to choose the best action, which may take some time...
116, 0, 0, 0, False, 0.056189, 54, 0.465517, 0:00:00.495771, 1
cycle: 116
average reward: 0.465517
explore rate: 0.056189

prediction: tails, observation: heads, reward: 0
Agent is trying to choose the best action, which may take some time...
117, 1, 0, 0, False, 0.055908, 54, 0.461538, 0:00:00.491324, 1
cycle: 117
average reward: 0.461538
explore rate: 0.055908

prediction: tails, observation: heads, reward: 0
Agent is trying to choose the best action, which may take some time...
118, 1, 0, 0, False, 0.055629, 54, 0.457627, 0:00:00.505060, 1
cycle: 118
average reward: 0.457627
explore rate: 0.055629

prediction: tails, observation: tails, reward: 1
Agent is trying to choose the best action, which may take some time...
119, 0, 1, 1, False, 0.055351, 55, 0.462185, 0:00:00.492497, 1
cycle: 119
average reward: 0.462185
explore rate: 0.055351

prediction: heads, observation: heads, reward: 1
Agent is trying to choose the best action, which may take some time...
120, 1, 1, 0, False, 0.055074, 56, 0.466667, 0:00:00.497741, 1
cycle: 120
average reward: 0.466667
explore rate: 0.055074

prediction: tails, observation: heads, reward: 0
Agent is trying to choose the best action, which may take some time...
121, 1, 0, 0, False, 0.054799, 56, 0.462810, 0:00:00.497174, 1
cycle: 121
average reward: 0.462810
explore rate: 0.054799

prediction: tails, observation: tails, reward: 1
Agent is trying an action at random...
122, 0, 1, 0, True, 0.054525, 57, 0.467213, 0:00:00.000064, 1
cycle: 122
average reward: 0.467213
explore rate: 0.054525

prediction: tails, observation: heads, reward: 0
Agent is trying to choose the best action, which may take some time...
123, 1, 0, 0, False, 0.054252, 57, 0.463415, 0:00:00.504525, 1
cycle: 123
average reward: 0.463415
explore rate: 0.054252

prediction: tails, observation: tails, reward: 1
Agent is trying to choose the best action, which may take some time...
124, 0, 1, 0, False, 0.053981, 58, 0.467742, 0:00:00.491825, 1
cycle: 124
average reward: 0.467742
explore rate: 0.053981

prediction: tails, observation: tails, reward: 1
Agent is trying to choose the best action, which may take some time...
125, 0, 1, 1, False, 0.053711, 59, 0.472000, 0:00:00.529418, 1
cycle: 125
average reward: 0.472000
explore rate: 0.053711

prediction: heads, observation: heads, reward: 1
Agent is trying to choose the best action, which may take some time...
126, 1, 1, 0, False, 0.053442, 60, 0.476190, 0:00:00.562773, 1
cycle: 126
average reward: 0.476190
explore rate: 0.053442

prediction: tails, observation: tails, reward: 1
Agent is trying to choose the best action, which may take some time...
127, 0, 1, 0, False, 0.053175, 61, 0.480315, 0:00:00.518114, 1
cycle: 127
average reward: 0.480315
explore rate: 0.053175

prediction: tails, observation: tails, reward: 1
Agent is trying to choose the best action, which may take some time...
128, 0, 1, 1, False, 0.052909, 62, 0.484375, 0:00:00.583489, 1
cycle: 128
average reward: 0.484375
explore rate: 0.052909

prediction: heads, observation: heads, reward: 1
Agent is trying to choose the best action, which may take some time...
129, 1, 1, 1, False, 0.052645, 63, 0.488372, 0:00:00.550284, 1
cycle: 129
average reward: 0.488372
explore rate: 0.052645

prediction: heads, observation: heads, reward: 1
Agent is trying to choose the best action, which may take some time...
130, 1, 1, 0, False, 0.052381, 64, 0.492308, 0:00:00.543951, 1
cycle: 130
average reward: 0.492308
explore rate: 0.052381

prediction: tails, observation: heads, reward: 0
Agent is trying to choose the best action, which may take some time...
131, 1, 0, 0, False, 0.052120, 64, 0.488550, 0:00:00.541449, 1
cycle: 131
average reward: 0.488550
explore rate: 0.052120

prediction: tails, observation: heads, reward: 0
Agent is trying to choose the best action, which may take some time...
132, 1, 0, 0, False, 0.051859, 64, 0.484848, 0:00:00.597581, 1
cycle: 132
average reward: 0.484848
explore rate: 0.051859

prediction: tails, observation: heads, reward: 0
Agent is trying to choose the best action, which may take some time...
133, 1, 0, 0, False, 0.051600, 64, 0.481203, 0:00:00.527995, 1
cycle: 133
average reward: 0.481203
explore rate: 0.051600

prediction: tails, observation: heads, reward: 0
Agent is trying to choose the best action, which may take some time...
134, 1, 0, 0, False, 0.051342, 64, 0.477612, 0:00:00.500754, 1
cycle: 134
average reward: 0.477612
explore rate: 0.051342

prediction: tails, observation: heads, reward: 0
Agent is trying to choose the best action, which may take some time...
135, 1, 0, 1, False, 0.051085, 64, 0.474074, 0:00:00.509245, 1
cycle: 135
average reward: 0.474074
explore rate: 0.051085

prediction: heads, observation: heads, reward: 1
Agent is trying to choose the best action, which may take some time...
136, 1, 1, 0, False, 0.050830, 65, 0.477941, 0:00:00.498506, 1
cycle: 136
average reward: 0.477941
explore rate: 0.050830

prediction: tails, observation: heads, reward: 0
Agent is trying to choose the best action, which may take some time...
137, 1, 0, 0, False, 0.050575, 65, 0.474453, 0:00:00.519101, 1
cycle: 137
average reward: 0.474453
explore rate: 0.050575

prediction: tails, observation: heads, reward: 0
Agent is trying to choose the best action, which may take some time...
138, 1, 0, 0, False, 0.050322, 65, 0.471014, 0:00:00.513209, 1
cycle: 138
average reward: 0.471014
explore rate: 0.050322

prediction: tails, observation: heads, reward: 0
Agent is trying to choose the best action, which may take some time...
139, 1, 0, 0, False, 0.050071, 65, 0.467626, 0:00:00.513087, 1
cycle: 139
average reward: 0.467626
explore rate: 0.050071

prediction: tails, observation: tails, reward: 1
Agent is trying to choose the best action, which may take some time...
140, 0, 1, 1, False, 0.049821, 66, 0.471429, 0:00:00.536854, 1
cycle: 140
average reward: 0.471429
explore rate: 0.049821

prediction: heads, observation: heads, reward: 1
Agent is trying to choose the best action, which may take some time...
141, 1, 1, 1, False, 0.049571, 67, 0.475177, 0:00:00.522996, 1
cycle: 141
average reward: 0.475177
explore rate: 0.049571

prediction: heads, observation: heads, reward: 1
Agent is trying to choose the best action, which may take some time...
142, 1, 1, 0, False, 0.049324, 68, 0.478873, 0:00:00.501211, 1
cycle: 142
average reward: 0.478873
explore rate: 0.049324

prediction: tails, observation: heads, reward: 0
Agent is trying to choose the best action, which may take some time...
143, 1, 0, 0, False, 0.049077, 68, 0.475524, 0:00:00.511384, 1
cycle: 143
average reward: 0.475524
explore rate: 0.049077

prediction: tails, observation: tails, reward: 1
Agent is trying to choose the best action, which may take some time...
144, 0, 1, 0, False, 0.048832, 69, 0.479167, 0:00:00.521914, 1
cycle: 144
average reward: 0.479167
explore rate: 0.048832

prediction: tails, observation: tails, reward: 1
Agent is trying to choose the best action, which may take some time...
145, 0, 1, 1, False, 0.048587, 70, 0.482759, 0:00:00.521630, 1
cycle: 145
average reward: 0.482759
explore rate: 0.048587

prediction: heads, observation: tails, reward: 0
Agent is trying to choose the best action, which may take some time...
146, 0, 0, 1, False, 0.048344, 70, 0.479452, 0:00:00.514690, 1
cycle: 146
average reward: 0.479452
explore rate: 0.048344

prediction: heads, observation: heads, reward: 1
Agent is trying to choose the best action, which may take some time...
147, 1, 1, 0, False, 0.048103, 71, 0.482993, 0:00:00.531985, 1
cycle: 147
average reward: 0.482993
explore rate: 0.048103

prediction: tails, observation: tails, reward: 1
Agent is trying to choose the best action, which may take some time...
148, 0, 1, 1, False, 0.047862, 72, 0.486486, 0:00:00.526445, 1
cycle: 148
average reward: 0.486486
explore rate: 0.047862

prediction: heads, observation: heads, reward: 1
Agent is trying to choose the best action, which may take some time...
149, 1, 1, 0, False, 0.047623, 73, 0.489933, 0:00:00.534980, 1
cycle: 149
average reward: 0.489933
explore rate: 0.047623

prediction: tails, observation: heads, reward: 0
Agent is trying to choose the best action, which may take some time...
150, 1, 0, 1, False, 0.047385, 73, 0.486667, 0:00:00.525832, 1
cycle: 150
average reward: 0.486667
explore rate: 0.047385

prediction: heads, observation: heads, reward: 1
Agent is trying to choose the best action, which may take some time...
151, 1, 1, 0, False, 0.047148, 74, 0.490066, 0:00:00.528000, 1
cycle: 151
average reward: 0.490066
explore rate: 0.047148

prediction: tails, observation: heads, reward: 0
Agent is trying to choose the best action, which may take some time...
152, 1, 0, 1, False, 0.046912, 74, 0.486842, 0:00:00.537466, 1
cycle: 152
average reward: 0.486842
explore rate: 0.046912

prediction: heads, observation: tails, reward: 0
Agent is trying to choose the best action, which may take some time...
153, 0, 0, 0, False, 0.046678, 74, 0.483660, 0:00:00.514255, 1
cycle: 153
average reward: 0.483660
explore rate: 0.046678

prediction: tails, observation: heads, reward: 0
Agent is trying to choose the best action, which may take some time...
154, 1, 0, 1, False, 0.046444, 74, 0.480519, 0:00:00.507893, 1
cycle: 154
average reward: 0.480519
explore rate: 0.046444

prediction: heads, observation: heads, reward: 1
Agent is trying to choose the best action, which may take some time...
155, 1, 1, 0, False, 0.046212, 75, 0.483871, 0:00:00.501381, 1
cycle: 155
average reward: 0.483871
explore rate: 0.046212

prediction: tails, observation: heads, reward: 0
Agent is trying to choose the best action, which may take some time...
156, 1, 0, 0, False, 0.045981, 75, 0.480769, 0:00:00.509786, 1
cycle: 156
average reward: 0.480769
explore rate: 0.045981

prediction: tails, observation: tails, reward: 1
Agent is trying to choose the best action, which may take some time...
157, 0, 1, 0, False, 0.045751, 76, 0.484076, 0:00:00.506785, 1
cycle: 157
average reward: 0.484076
explore rate: 0.045751

prediction: tails, observation: heads, reward: 0
Agent is trying to choose the best action, which may take some time...
158, 1, 0, 1, False, 0.045522, 76, 0.481013, 0:00:00.512262, 1
cycle: 158
average reward: 0.481013
explore rate: 0.045522

prediction: heads, observation: heads, reward: 1
Agent is trying to choose the best action, which may take some time...
159, 1, 1, 0, False, 0.045295, 77, 0.484277, 0:00:00.528203, 1
cycle: 159
average reward: 0.484277
explore rate: 0.045295

prediction: tails, observation: heads, reward: 0
Agent is trying to choose the best action, which may take some time...
160, 1, 0, 0, False, 0.045068, 77, 0.481250, 0:00:00.539782, 1
cycle: 160
average reward: 0.481250
explore rate: 0.045068

prediction: tails, observation: heads, reward: 0
Agent is trying to choose the best action, which may take some time...
161, 1, 0, 0, False, 0.044843, 77, 0.478261, 0:00:00.557456, 1
cycle: 161
average reward: 0.478261
explore rate: 0.044843

prediction: tails, observation: heads, reward: 0
Agent is trying an action at random...
162, 1, 0, 1, True, 0.044619, 77, 0.475309, 0:00:00.000157, 1
cycle: 162
average reward: 0.475309
explore rate: 0.044619

prediction: heads, observation: tails, reward: 0
Agent is trying an action at random...
163, 0, 0, 1, True, 0.044396, 77, 0.472393, 0:00:00.000069, 1
cycle: 163
average reward: 0.472393
explore rate: 0.044396

prediction: heads, observation: heads, reward: 1
Agent is trying to choose the best action, which may take some time...
164, 1, 1, 1, False, 0.044174, 78, 0.475610, 0:00:00.644971, 1
cycle: 164
average reward: 0.475610
explore rate: 0.044174

prediction: heads, observation: tails, reward: 0
Agent is trying to choose the best action, which may take some time...
165, 0, 0, 1, False, 0.043953, 78, 0.472727, 0:00:00.680767, 1
cycle: 165
average reward: 0.472727
explore rate: 0.043953

prediction: heads, observation: heads, reward: 1
Agent is trying to choose the best action, which may take some time...
166, 1, 1, 1, False, 0.043733, 79, 0.475904, 0:00:00.617114, 1
cycle: 166
average reward: 0.475904
explore rate: 0.043733

prediction: heads, observation: heads, reward: 1
Agent is trying to choose the best action, which may take some time...
167, 1, 1, 1, False, 0.043514, 80, 0.479042, 0:00:00.535481, 1
cycle: 167
average reward: 0.479042
explore rate: 0.043514

prediction: heads, observation: heads, reward: 1
Agent is trying to choose the best action, which may take some time...
168, 1, 1, 1, False, 0.043297, 81, 0.482143, 0:00:00.498356, 1
cycle: 168
average reward: 0.482143
explore rate: 0.043297

prediction: heads, observation: heads, reward: 1
Agent is trying to choose the best action, which may take some time...
169, 1, 1, 1, False, 0.043080, 82, 0.485207, 0:00:00.521291, 1
cycle: 169
average reward: 0.485207
explore rate: 0.043080

prediction: heads, observation: tails, reward: 0
Agent is trying to choose the best action, which may take some time...
170, 0, 0, 1, False, 0.042865, 82, 0.482353, 0:00:00.559510, 1
cycle: 170
average reward: 0.482353
explore rate: 0.042865

prediction: heads, observation: heads, reward: 1
Agent is trying to choose the best action, which may take some time...
171, 1, 1, 1, False, 0.042650, 83, 0.485380, 0:00:00.566708, 1
cycle: 171
average reward: 0.485380
explore rate: 0.042650

prediction: heads, observation: heads, reward: 1
Agent is trying to choose the best action, which may take some time...
172, 1, 1, 0, False, 0.042437, 84, 0.488372, 0:00:00.536871, 1
cycle: 172
average reward: 0.488372
explore rate: 0.042437

prediction: tails, observation: heads, reward: 0
Agent is trying an action at random...
173, 1, 0, 1, True, 0.042225, 84, 0.485549, 0:00:00.000071, 1
cycle: 173
average reward: 0.485549
explore rate: 0.042225

prediction: heads, observation: tails, reward: 0
Agent is trying to choose the best action, which may take some time...
174, 0, 0, 1, False, 0.042014, 84, 0.482759, 0:00:00.510778, 1
cycle: 174
average reward: 0.482759
explore rate: 0.042014

prediction: heads, observation: heads, reward: 1
Agent is trying an action at random...
175, 1, 1, 0, True, 0.041804, 85, 0.485714, 0:00:00.000382, 1
cycle: 175
average reward: 0.485714
explore rate: 0.041804

prediction: tails, observation: heads, reward: 0
Agent is trying to choose the best action, which may take some time...
176, 1, 0, 0, False, 0.041595, 85, 0.482955, 0:00:00.511182, 1
cycle: 176
average reward: 0.482955
explore rate: 0.041595

prediction: tails, observation: heads, reward: 0
Agent is trying to choose the best action, which may take some time...
177, 1, 0, 1, False, 0.041387, 85, 0.480226, 0:00:00.521248, 1
cycle: 177
average reward: 0.480226
explore rate: 0.041387

prediction: heads, observation: heads, reward: 1
Agent is trying to choose the best action, which may take some time...
178, 1, 1, 1, False, 0.041180, 86, 0.483146, 0:00:00.505560, 1
cycle: 178
average reward: 0.483146
explore rate: 0.041180

prediction: heads, observation: heads, reward: 1
Agent is trying to choose the best action, which may take some time...
179, 1, 1, 1, False, 0.040974, 87, 0.486034, 0:00:00.508253, 1
cycle: 179
average reward: 0.486034
explore rate: 0.040974

prediction: heads, observation: heads, reward: 1
Agent is trying to choose the best action, which may take some time...
180, 1, 1, 0, False, 0.040769, 88, 0.488889, 0:00:00.520017, 1
cycle: 180
average reward: 0.488889
explore rate: 0.040769

prediction: tails, observation: heads, reward: 0
Agent is trying to choose the best action, which may take some time...
181, 1, 0, 1, False, 0.040565, 88, 0.486188, 0:00:00.527824, 1
cycle: 181
average reward: 0.486188
explore rate: 0.040565

prediction: heads, observation: tails, reward: 0
Agent is trying to choose the best action, which may take some time...
182, 0, 0, 1, False, 0.040362, 88, 0.483516, 0:00:00.527449, 1
cycle: 182
average reward: 0.483516
explore rate: 0.040362

prediction: heads, observation: heads, reward: 1
Agent is trying to choose the best action, which may take some time...
183, 1, 1, 0, False, 0.040161, 89, 0.486339, 0:00:00.511658, 1
cycle: 183
average reward: 0.486339
explore rate: 0.040161

prediction: tails, observation: heads, reward: 0
Agent is trying to choose the best action, which may take some time...
184, 1, 0, 0, False, 0.039960, 89, 0.483696, 0:00:00.513831, 1
cycle: 184
average reward: 0.483696
explore rate: 0.039960

prediction: tails, observation: tails, reward: 1
Agent is trying to choose the best action, which may take some time...
185, 0, 1, 0, False, 0.039760, 90, 0.486486, 0:00:00.515528, 1
cycle: 185
average reward: 0.486486
explore rate: 0.039760

prediction: tails, observation: heads, reward: 0
Agent is trying to choose the best action, which may take some time...
186, 1, 0, 0, False, 0.039561, 90, 0.483871, 0:00:00.528583, 1
cycle: 186
average reward: 0.483871
explore rate: 0.039561

prediction: tails, observation: heads, reward: 0
Agent is trying to choose the best action, which may take some time...
187, 1, 0, 1, False, 0.039363, 90, 0.481283, 0:00:00.506745, 1
cycle: 187
average reward: 0.481283
explore rate: 0.039363

prediction: heads, observation: heads, reward: 1
Agent is trying an action at random...
188, 1, 1, 0, True, 0.039167, 91, 0.484043, 0:00:00.000064, 1
cycle: 188
average reward: 0.484043
explore rate: 0.039167

prediction: tails, observation: heads, reward: 0
Agent is trying to choose the best action, which may take some time...
189, 1, 0, 1, False, 0.038971, 91, 0.481481, 0:00:00.502479, 1
cycle: 189
average reward: 0.481481
explore rate: 0.038971

prediction: heads, observation: heads, reward: 1
Agent is trying to choose the best action, which may take some time...
190, 1, 1, 0, False, 0.038776, 92, 0.484211, 0:00:00.549516, 1
cycle: 190
average reward: 0.484211
explore rate: 0.038776

prediction: tails, observation: heads, reward: 0
Agent is trying to choose the best action, which may take some time...
191, 1, 0, 0, False, 0.038582, 92, 0.481675, 0:00:00.546472, 1
cycle: 191
average reward: 0.481675
explore rate: 0.038582

prediction: tails, observation: heads, reward: 0
Agent is trying to choose the best action, which may take some time...
192, 1, 0, 1, False, 0.038389, 92, 0.479167, 0:00:00.501499, 1
cycle: 192
average reward: 0.479167
explore rate: 0.038389

prediction: heads, observation: heads, reward: 1
Agent is trying to choose the best action, which may take some time...
193, 1, 1, 1, False, 0.038197, 93, 0.481865, 0:00:00.615398, 1
cycle: 193
average reward: 0.481865
explore rate: 0.038197

prediction: heads, observation: heads, reward: 1
Agent is trying to choose the best action, which may take some time...
194, 1, 1, 0, False, 0.038006, 94, 0.484536, 0:00:00.520717, 1
cycle: 194
average reward: 0.484536
explore rate: 0.038006

prediction: tails, observation: heads, reward: 0
Agent is trying to choose the best action, which may take some time...
195, 1, 0, 1, False, 0.037816, 94, 0.482051, 0:00:00.540087, 1
cycle: 195
average reward: 0.482051
explore rate: 0.037816

prediction: heads, observation: heads, reward: 1
Agent is trying to choose the best action, which may take some time...
196, 1, 1, 1, False, 0.037627, 95, 0.484694, 0:00:00.509108, 1
cycle: 196
average reward: 0.484694
explore rate: 0.037627

prediction: heads, observation: heads, reward: 1
Agent is trying to choose the best action, which may take some time...
197, 1, 1, 1, False, 0.037439, 96, 0.487310, 0:00:00.511761, 1
cycle: 197
average reward: 0.487310
explore rate: 0.037439

prediction: heads, observation: heads, reward: 1
Agent is trying to choose the best action, which may take some time...
198, 1, 1, 1, False, 0.037252, 97, 0.489899, 0:00:00.544916, 1
cycle: 198
average reward: 0.489899
explore rate: 0.037252

prediction: heads, observation: heads, reward: 1
Agent is trying to choose the best action, which may take some time...
199, 1, 1, 1, False, 0.037066, 98, 0.492462, 0:00:00.538314, 1
cycle: 199
average reward: 0.492462
explore rate: 0.037066

prediction: heads, observation: heads, reward: 1
Agent is trying to choose the best action, which may take some time...
200, 1, 1, 0, False, 0.036880, 99, 0.495000, 0:00:00.497238, 1
cycle: 200
average reward: 0.495000
explore rate: 0.036880

prediction: tails, observation: tails, reward: 1
Agent is trying to choose the best action, which may take some time...
201, 0, 1, 0, False, 0.036696, 100, 0.497512, 0:00:00.540095, 1
cycle: 201
average reward: 0.497512
prediction: tails, observation: heads, reward: 0
Agent is trying to choose the best action, which may take some time...
202, 1, 0, 0, False, 0.036696, 100, 0.495050, 0:00:00.542404, 1
cycle: 202
average reward: 0.495050
prediction: tails, observation: heads, reward: 0
Agent is trying to choose the best action, which may take some time...
203, 1, 0, 0, False, 0.036696, 100, 0.492611, 0:00:00.522238, 1
cycle: 203
average reward: 0.492611
prediction: tails, observation: heads, reward: 0
Agent is trying to choose the best action, which may take some time...
204, 1, 0, 0, False, 0.036696, 100, 0.490196, 0:00:00.469652, 1
cycle: 204
average reward: 0.490196
prediction: tails, observation: heads, reward: 0
Agent is trying to choose the best action, which may take some time...
205, 1, 0, 0, False, 0.036696, 100, 0.487805, 0:00:00.511039, 1
cycle: 205
average reward: 0.487805
prediction: tails, observation: heads, reward: 0
Agent is trying to choose the best action, which may take some time...
206, 1, 0, 1, False, 0.036696, 100, 0.485437, 0:00:00.452328, 1
cycle: 206
average reward: 0.485437
prediction: heads, observation: heads, reward: 1
Agent is trying to choose the best action, which may take some time...
207, 1, 1, 1, False, 0.036696, 101, 0.487923, 0:00:00.456952, 1
cycle: 207
average reward: 0.487923
prediction: heads, observation: tails, reward: 0
Agent is trying to choose the best action, which may take some time...
208, 0, 0, 0, False, 0.036696, 101, 0.485577, 0:00:00.502502, 1
cycle: 208
average reward: 0.485577
prediction: tails, observation: heads, reward: 0
Agent is trying to choose the best action, which may take some time...
209, 1, 0, 0, False, 0.036696, 101, 0.483254, 0:00:00.456281, 1
cycle: 209
average reward: 0.483254
prediction: tails, observation: heads, reward: 0
Agent is trying to choose the best action, which may take some time...
210, 1, 0, 0, False, 0.036696, 101, 0.480952, 0:00:00.446106, 1
cycle: 210
average reward: 0.480952
prediction: tails, observation: heads, reward: 0
Agent is trying to choose the best action, which may take some time...
211, 1, 0, 1, False, 0.036696, 101, 0.478673, 0:00:00.443360, 1
cycle: 211
average reward: 0.478673
prediction: heads, observation: heads, reward: 1
Agent is trying to choose the best action, which may take some time...
212, 1, 1, 0, False, 0.036696, 102, 0.481132, 0:00:00.444801, 1
cycle: 212
average reward: 0.481132
prediction: tails, observation: tails, reward: 1
Agent is trying to choose the best action, which may take some time...
213, 0, 1, 0, False, 0.036696, 103, 0.483568, 0:00:00.448856, 1
cycle: 213
average reward: 0.483568
prediction: tails, observation: heads, reward: 0
Agent is trying to choose the best action, which may take some time...
214, 1, 0, 0, False, 0.036696, 103, 0.481308, 0:00:00.447792, 1
cycle: 214
average reward: 0.481308
prediction: tails, observation: heads, reward: 0
Agent is trying to choose the best action, which may take some time...
215, 1, 0, 0, False, 0.036696, 103, 0.479070, 0:00:00.446103, 1
cycle: 215
average reward: 0.479070
prediction: tails, observation: heads, reward: 0
Agent is trying to choose the best action, which may take some time...
216, 1, 0, 1, False, 0.036696, 103, 0.476852, 0:00:00.450443, 1
cycle: 216
average reward: 0.476852
prediction: heads, observation: heads, reward: 1
Agent is trying to choose the best action, which may take some time...
217, 1, 1, 0, False, 0.036696, 104, 0.479263, 0:00:00.445789, 1
cycle: 217
average reward: 0.479263
prediction: tails, observation: heads, reward: 0
Agent is trying to choose the best action, which may take some time...
218, 1, 0, 1, False, 0.036696, 104, 0.477064, 0:00:00.448853, 1
cycle: 218
average reward: 0.477064
prediction: heads, observation: heads, reward: 1
Agent is trying to choose the best action, which may take some time...
219, 1, 1, 0, False, 0.036696, 105, 0.479452, 0:00:00.445377, 1
cycle: 219
average reward: 0.479452
prediction: tails, observation: heads, reward: 0
Agent is trying to choose the best action, which may take some time...
220, 1, 0, 1, False, 0.036696, 105, 0.477273, 0:00:00.448998, 1
cycle: 220
average reward: 0.477273
prediction: heads, observation: heads, reward: 1
Agent is trying to choose the best action, which may take some time...
221, 1, 1, 1, False, 0.036696, 106, 0.479638, 0:00:00.444193, 1
cycle: 221
average reward: 0.479638
prediction: heads, observation: heads, reward: 1
Agent is trying to choose the best action, which may take some time...
222, 1, 1, 1, False, 0.036696, 107, 0.481982, 0:00:00.447182, 1
cycle: 222
average reward: 0.481982
prediction: heads, observation: heads, reward: 1
Agent is trying to choose the best action, which may take some time...
223, 1, 1, 1, False, 0.036696, 108, 0.484305, 0:00:00.446484, 1
cycle: 223
average reward: 0.484305
prediction: heads, observation: heads, reward: 1
Agent is trying to choose the best action, which may take some time...
224, 1, 1, 1, False, 0.036696, 109, 0.486607, 0:00:00.465543, 1
cycle: 224
average reward: 0.486607
prediction: heads, observation: tails, reward: 0
Agent is trying to choose the best action, which may take some time...
225, 0, 0, 0, False, 0.036696, 109, 0.484444, 0:00:00.509089, 1
cycle: 225
average reward: 0.484444
prediction: tails, observation: heads, reward: 0
Agent is trying to choose the best action, which may take some time...
226, 1, 0, 1, False, 0.036696, 109, 0.482301, 0:00:00.480043, 1
cycle: 226
average reward: 0.482301
prediction: heads, observation: heads, reward: 1
Agent is trying to choose the best action, which may take some time...
227, 1, 1, 1, False, 0.036696, 110, 0.484581, 0:00:00.482086, 1
cycle: 227
average reward: 0.484581
prediction: heads, observation: heads, reward: 1
Agent is trying to choose the best action, which may take some time...
228, 1, 1, 0, False, 0.036696, 111, 0.486842, 0:00:00.465054, 1
cycle: 228
average reward: 0.486842
prediction: tails, observation: heads, reward: 0
Agent is trying to choose the best action, which may take some time...
229, 1, 0, 0, False, 0.036696, 111, 0.484716, 0:00:00.448744, 1
cycle: 229
average reward: 0.484716
prediction: tails, observation: heads, reward: 0
Agent is trying to choose the best action, which may take some time...
230, 1, 0, 0, False, 0.036696, 111, 0.482609, 0:00:00.447947, 1
cycle: 230
average reward: 0.482609
prediction: tails, observation: tails, reward: 1
Agent is trying to choose the best action, which may take some time...
231, 0, 1, 0, False, 0.036696, 112, 0.484848, 0:00:00.446749, 1
cycle: 231
average reward: 0.484848
prediction: tails, observation: heads, reward: 0
Agent is trying to choose the best action, which may take some time...
232, 1, 0, 1, False, 0.036696, 112, 0.482759, 0:00:00.448113, 1
cycle: 232
average reward: 0.482759
prediction: heads, observation: tails, reward: 0
Agent is trying to choose the best action, which may take some time...
233, 0, 0, 0, False, 0.036696, 112, 0.480687, 0:00:00.446924, 1
cycle: 233
average reward: 0.480687
prediction: tails, observation: heads, reward: 0
Agent is trying to choose the best action, which may take some time...
234, 1, 0, 0, False, 0.036696, 112, 0.478632, 0:00:00.448528, 1
cycle: 234
average reward: 0.478632
prediction: tails, observation: tails, reward: 1
Agent is trying to choose the best action, which may take some time...
235, 0, 1, 0, False, 0.036696, 113, 0.480851, 0:00:00.447972, 1
cycle: 235
average reward: 0.480851
prediction: tails, observation: heads, reward: 0
Agent is trying to choose the best action, which may take some time...
236, 1, 0, 1, False, 0.036696, 113, 0.478814, 0:00:00.446107, 1
cycle: 236
average reward: 0.478814
prediction: heads, observation: heads, reward: 1
Agent is trying to choose the best action, which may take some time...
237, 1, 1, 0, False, 0.036696, 114, 0.481013, 0:00:00.446541, 1
cycle: 237
average reward: 0.481013
prediction: tails, observation: heads, reward: 0
Agent is trying to choose the best action, which may take some time...
238, 1, 0, 0, False, 0.036696, 114, 0.478992, 0:00:00.446495, 1
cycle: 238
average reward: 0.478992
prediction: tails, observation: tails, reward: 1
Agent is trying to choose the best action, which may take some time...
239, 0, 1, 0, False, 0.036696, 115, 0.481172, 0:00:00.448991, 1
cycle: 239
average reward: 0.481172
prediction: tails, observation: heads, reward: 0
Agent is trying to choose the best action, which may take some time...
240, 1, 0, 0, False, 0.036696, 115, 0.479167, 0:00:00.449142, 1
cycle: 240
average reward: 0.479167
prediction: tails, observation: heads, reward: 0
Agent is trying to choose the best action, which may take some time...
241, 1, 0, 0, False, 0.036696, 115, 0.477178, 0:00:00.448343, 1
cycle: 241
average reward: 0.477178
prediction: tails, observation: heads, reward: 0
Agent is trying to choose the best action, which may take some time...
242, 1, 0, 0, False, 0.036696, 115, 0.475207, 0:00:00.447717, 1
cycle: 242
average reward: 0.475207
prediction: tails, observation: heads, reward: 0
Agent is trying to choose the best action, which may take some time...
243, 1, 0, 1, False, 0.036696, 115, 0.473251, 0:00:00.456993, 1
cycle: 243
average reward: 0.473251
prediction: heads, observation: heads, reward: 1
Agent is trying to choose the best action, which may take some time...
244, 1, 1, 0, False, 0.036696, 116, 0.475410, 0:00:00.455741, 1
cycle: 244
average reward: 0.475410
prediction: tails, observation: heads, reward: 0
Agent is trying to choose the best action, which may take some time...
245, 1, 0, 1, False, 0.036696, 116, 0.473469, 0:00:00.450880, 1
cycle: 245
average reward: 0.473469
prediction: heads, observation: heads, reward: 1
Agent is trying to choose the best action, which may take some time...
246, 1, 1, 0, False, 0.036696, 117, 0.475610, 0:00:00.457997, 1
cycle: 246
average reward: 0.475610
prediction: tails, observation: heads, reward: 0
Agent is trying to choose the best action, which may take some time...
247, 1, 0, 1, False, 0.036696, 117, 0.473684, 0:00:00.447712, 1
cycle: 247
average reward: 0.473684
prediction: heads, observation: tails, reward: 0
Agent is trying to choose the best action, which may take some time...
248, 0, 0, 1, False, 0.036696, 117, 0.471774, 0:00:00.446774, 1
cycle: 248
average reward: 0.471774
prediction: heads, observation: heads, reward: 1
Agent is trying to choose the best action, which may take some time...
249, 1, 1, 1, False, 0.036696, 118, 0.473896, 0:00:00.448183, 1
cycle: 249
average reward: 0.473896
prediction: heads, observation: heads, reward: 1
Agent is trying to choose the best action, which may take some time...
250, 1, 1, 0, False, 0.036696, 119, 0.476000, 0:00:00.447588, 1
cycle: 250
average reward: 0.476000
prediction: tails, observation: heads, reward: 0
Agent is trying to choose the best action, which may take some time...
251, 1, 0, 1, False, 0.036696, 119, 0.474104, 0:00:00.460174, 1
cycle: 251
average reward: 0.474104
prediction: heads, observation: heads, reward: 1
Agent is trying to choose the best action, which may take some time...
252, 1, 1, 0, False, 0.036696, 120, 0.476190, 0:00:00.448183, 1
cycle: 252
average reward: 0.476190
prediction: tails, observation: heads, reward: 0
Agent is trying to choose the best action, which may take some time...
253, 1, 0, 1, False, 0.036696, 120, 0.474308, 0:00:00.448163, 1
cycle: 253
average reward: 0.474308
prediction: heads, observation: heads, reward: 1
Agent is trying to choose the best action, which may take some time...
254, 1, 1, 1, False, 0.036696, 121, 0.476378, 0:00:00.448228, 1
cycle: 254
average reward: 0.476378
prediction: heads, observation: heads, reward: 1
Agent is trying to choose the best action, which may take some time...
255, 1, 1, 0, False, 0.036696, 122, 0.478431, 0:00:00.456786, 1
cycle: 255
average reward: 0.478431
prediction: tails, observation: heads, reward: 0
Agent is trying to choose the best action, which may take some time...
256, 1, 0, 1, False, 0.036696, 122, 0.476562, 0:00:00.449153, 1
cycle: 256
average reward: 0.476562
prediction: heads, observation: heads, reward: 1
Agent is trying to choose the best action, which may take some time...
257, 1, 1, 0, False, 0.036696, 123, 0.478599, 0:00:00.453053, 1
cycle: 257
average reward: 0.478599
prediction: tails, observation: heads, reward: 0
Agent is trying to choose the best action, which may take some time...
258, 1, 0, 1, False, 0.036696, 123, 0.476744, 0:00:00.451041, 1
cycle: 258
average reward: 0.476744
prediction: heads, observation: tails, reward: 0
Agent is trying to choose the best action, which may take some time...
259, 0, 0, 1, False, 0.036696, 123, 0.474903, 0:00:00.451997, 1
cycle: 259
average reward: 0.474903
prediction: heads, observation: tails, reward: 0
Agent is trying to choose the best action, which may take some time...
260, 0, 0, 0, False, 0.036696, 123, 0.473077, 0:00:00.451856, 1
cycle: 260
average reward: 0.473077
prediction: tails, observation: heads, reward: 0
Agent is trying to choose the best action, which may take some time...
261, 1, 0, 1, False, 0.036696, 123, 0.471264, 0:00:00.462372, 1
cycle: 261
average reward: 0.471264
prediction: heads, observation: heads, reward: 1
Agent is trying to choose the best action, which may take some time...
262, 1, 1, 0, False, 0.036696, 124, 0.473282, 0:00:00.451177, 1
cycle: 262
average reward: 0.473282
prediction: tails, observation: tails, reward: 1
Agent is trying to choose the best action, which may take some time...
263, 0, 1, 0, False, 0.036696, 125, 0.475285, 0:00:00.452096, 1
cycle: 263
average reward: 0.475285
prediction: tails, observation: tails, reward: 1
Agent is trying to choose the best action, which may take some time...
264, 0, 1, 0, False, 0.036696, 126, 0.477273, 0:00:00.451564, 1
cycle: 264
average reward: 0.477273
prediction: tails, observation: tails, reward: 1
Agent is trying to choose the best action, which may take some time...
265, 0, 1, 1, False, 0.036696, 127, 0.479245, 0:00:00.450816, 1
cycle: 265
average reward: 0.479245
prediction: heads, observation: heads, reward: 1
Agent is trying to choose the best action, which may take some time...
266, 1, 1, 1, False, 0.036696, 128, 0.481203, 0:00:00.457436, 1
cycle: 266
average reward: 0.481203
prediction: heads, observation: heads, reward: 1
Agent is trying to choose the best action, which may take some time...
267, 1, 1, 0, False, 0.036696, 129, 0.483146, 0:00:00.456589, 1
cycle: 267
average reward: 0.483146
prediction: tails, observation: heads, reward: 0
Agent is trying to choose the best action, which may take some time...
268, 1, 0, 1, False, 0.036696, 129, 0.481343, 0:00:00.461038, 1
cycle: 268
average reward: 0.481343
prediction: heads, observation: heads, reward: 1
Agent is trying to choose the best action, which may take some time...
269, 1, 1, 1, False, 0.036696, 130, 0.483271, 0:00:00.454379, 1
cycle: 269
average reward: 0.483271
prediction: heads, observation: tails, reward: 0
Agent is trying to choose the best action, which may take some time...
270, 0, 0, 0, False, 0.036696, 130, 0.481481, 0:00:00.450069, 1
cycle: 270
average reward: 0.481481
prediction: tails, observation: heads, reward: 0
Agent is trying to choose the best action, which may take some time...
271, 1, 0, 0, False, 0.036696, 130, 0.479705, 0:00:00.454727, 1
cycle: 271
average reward: 0.479705
prediction: tails, observation: heads, reward: 0
Agent is trying to choose the best action, which may take some time...
272, 1, 0, 0, False, 0.036696, 130, 0.477941, 0:00:00.453067, 1
cycle: 272
average reward: 0.477941
prediction: tails, observation: heads, reward: 0
Agent is trying to choose the best action, which may take some time...
273, 1, 0, 1, False, 0.036696, 130, 0.476190, 0:00:00.452778, 1
cycle: 273
average reward: 0.476190
prediction: heads, observation: heads, reward: 1
Agent is trying to choose the best action, which may take some time...
274, 1, 1, 0, False, 0.036696, 131, 0.478102, 0:00:00.467550, 1
cycle: 274
average reward: 0.478102
prediction: tails, observation: heads, reward: 0
Agent is trying to choose the best action, which may take some time...
275, 1, 0, 1, False, 0.036696, 131, 0.476364, 0:00:00.490492, 1
cycle: 275
average reward: 0.476364
prediction: heads, observation: heads, reward: 1
Agent is trying to choose the best action, which may take some time...
276, 1, 1, 1, False, 0.036696, 132, 0.478261, 0:00:00.499677, 1
cycle: 276
average reward: 0.478261
prediction: heads, observation: heads, reward: 1
Agent is trying to choose the best action, which may take some time...
277, 1, 1, 0, False, 0.036696, 133, 0.480144, 0:00:00.490646, 1
cycle: 277
average reward: 0.480144
prediction: tails, observation: heads, reward: 0
Agent is trying to choose the best action, which may take some time...
278, 1, 0, 1, False, 0.036696, 133, 0.478417, 0:00:00.466192, 1
cycle: 278
average reward: 0.478417
prediction: heads, observation: heads, reward: 1
Agent is trying to choose the best action, which may take some time...
279, 1, 1, 1, False, 0.036696, 134, 0.480287, 0:00:00.454593, 1
cycle: 279
average reward: 0.480287
prediction: heads, observation: tails, reward: 0
Agent is trying to choose the best action, which may take some time...
280, 0, 0, 0, False, 0.036696, 134, 0.478571, 0:00:00.458583, 1
cycle: 280
average reward: 0.478571
prediction: tails, observation: heads, reward: 0
Agent is trying to choose the best action, which may take some time...
281, 1, 0, 1, False, 0.036696, 134, 0.476868, 0:00:00.465590, 1
cycle: 281
average reward: 0.476868
prediction: heads, observation: tails, reward: 0
Agent is trying to choose the best action, which may take some time...
282, 0, 0, 0, False, 0.036696, 134, 0.475177, 0:00:00.455173, 1
cycle: 282
average reward: 0.475177
prediction: tails, observation: heads, reward: 0
Agent is trying to choose the best action, which may take some time...
283, 1, 0, 1, False, 0.036696, 134, 0.473498, 0:00:00.452644, 1
cycle: 283
average reward: 0.473498
prediction: heads, observation: tails, reward: 0
Agent is trying to choose the best action, which may take some time...
284, 0, 0, 0, False, 0.036696, 134, 0.471831, 0:00:00.454340, 1
cycle: 284
average reward: 0.471831
prediction: tails, observation: heads, reward: 0
Agent is trying to choose the best action, which may take some time...
285, 1, 0, 0, False, 0.036696, 134, 0.470175, 0:00:00.452484, 1
cycle: 285
average reward: 0.470175
prediction: tails, observation: tails, reward: 1
Agent is trying to choose the best action, which may take some time...
286, 0, 1, 1, False, 0.036696, 135, 0.472028, 0:00:00.453648, 1
cycle: 286
average reward: 0.472028
prediction: heads, observation: heads, reward: 1
Agent is trying to choose the best action, which may take some time...
287, 1, 1, 1, False, 0.036696, 136, 0.473868, 0:00:00.456238, 1
cycle: 287
average reward: 0.473868
prediction: heads, observation: heads, reward: 1
Agent is trying to choose the best action, which may take some time...
288, 1, 1, 0, False, 0.036696, 137, 0.475694, 0:00:00.451670, 1
cycle: 288
average reward: 0.475694
prediction: tails, observation: tails, reward: 1
Agent is trying to choose the best action, which may take some time...
289, 0, 1, 0, False, 0.036696, 138, 0.477509, 0:00:00.452384, 1
cycle: 289
average reward: 0.477509
prediction: tails, observation: heads, reward: 0
Agent is trying to choose the best action, which may take some time...
290, 1, 0, 1, False, 0.036696, 138, 0.475862, 0:00:00.472434, 1
cycle: 290
average reward: 0.475862
prediction: heads, observation: tails, reward: 0
Agent is trying to choose the best action, which may take some time...
291, 0, 0, 1, False, 0.036696, 138, 0.474227, 0:00:00.514305, 1
cycle: 291
average reward: 0.474227
prediction: heads, observation: tails, reward: 0
Agent is trying to choose the best action, which may take some time...
292, 0, 0, 1, False, 0.036696, 138, 0.472603, 0:00:00.529013, 1
cycle: 292
average reward: 0.472603
prediction: heads, observation: tails, reward: 0
Agent is trying to choose the best action, which may take some time...
293, 0, 0, 1, False, 0.036696, 138, 0.470990, 0:00:00.468684, 1
cycle: 293
average reward: 0.470990
prediction: heads, observation: heads, reward: 1
Agent is trying to choose the best action, which may take some time...
294, 1, 1, 0, False, 0.036696, 139, 0.472789, 0:00:00.509641, 1
cycle: 294
average reward: 0.472789
prediction: tails, observation: heads, reward: 0
Agent is trying to choose the best action, which may take some time...
295, 1, 0, 1, False, 0.036696, 139, 0.471186, 0:00:00.529127, 1
cycle: 295
average reward: 0.471186
prediction: heads, observation: heads, reward: 1
Agent is trying to choose the best action, which may take some time...
296, 1, 1, 1, False, 0.036696, 140, 0.472973, 0:00:00.508673, 1
cycle: 296
average reward: 0.472973
prediction: heads, observation: tails, reward: 0
Agent is trying to choose the best action, which may take some time...
297, 0, 0, 0, False, 0.036696, 140, 0.471380, 0:00:00.478625, 1
cycle: 297
average reward: 0.471380
prediction: tails, observation: heads, reward: 0
Agent is trying to choose the best action, which may take some time...
298, 1, 0, 0, False, 0.036696, 140, 0.469799, 0:00:00.477242, 1
cycle: 298
average reward: 0.469799
prediction: tails, observation: heads, reward: 0
Agent is trying to choose the best action, which may take some time...
299, 1, 0, 0, False, 0.036696, 140, 0.468227, 0:00:00.458189, 1
cycle: 299
average reward: 0.468227
prediction: tails, observation: heads, reward: 0
Agent is trying to choose the best action, which may take some time...
300, 1, 0, 1, False, 0.036696, 140, 0.466667, 0:00:00.455948, 1
cycle: 300
average reward: 0.466667
prediction: heads, observation: heads, reward: 1
Agent is trying to choose the best action, which may take some time...
301, 1, 1, 1, False, 0.036696, 141, 0.468439, 0:00:00.461085, 1
cycle: 301
average reward: 0.468439
prediction: heads, observation: heads, reward: 1
Agent is trying to choose the best action, which may take some time...
302, 1, 1, 1, False, 0.036696, 142, 0.470199, 0:00:00.456355, 1
cycle: 302
average reward: 0.470199
prediction: heads, observation: tails, reward: 0
Agent is trying to choose the best action, which may take some time...
303, 0, 0, 1, False, 0.036696, 142, 0.468647, 0:00:00.456069, 1
cycle: 303
average reward: 0.468647
prediction: heads, observation: heads, reward: 1
Agent is trying to choose the best action, which may take some time...
304, 1, 1, 0, False, 0.036696, 143, 0.470395, 0:00:00.455736, 1
cycle: 304
average reward: 0.470395
prediction: tails, observation: heads, reward: 0
Agent is trying to choose the best action, which may take some time...
305, 1, 0, 1, False, 0.036696, 143, 0.468852, 0:00:00.456799, 1
cycle: 305
average reward: 0.468852
prediction: heads, observation: tails, reward: 0
Agent is trying to choose the best action, which may take some time...
306, 0, 0, 1, False, 0.036696, 143, 0.467320, 0:00:00.483533, 1
cycle: 306
average reward: 0.467320
prediction: heads, observation: heads, reward: 1
Agent is trying to choose the best action, which may take some time...
307, 1, 1, 0, False, 0.036696, 144, 0.469055, 0:00:00.524179, 1
cycle: 307
average reward: 0.469055
prediction: tails, observation: heads, reward: 0
Agent is trying to choose the best action, which may take some time...
308, 1, 0, 1, False, 0.036696, 144, 0.467532, 0:00:00.545468, 1
cycle: 308
average reward: 0.467532
prediction: heads, observation: tails, reward: 0
Agent is trying to choose the best action, which may take some time...
309, 0, 0, 0, False, 0.036696, 144, 0.466019, 0:00:00.465869, 1
cycle: 309
average reward: 0.466019
prediction: tails, observation: tails, reward: 1
Agent is trying to choose the best action, which may take some time...
310, 0, 1, 1, False, 0.036696, 145, 0.467742, 0:00:00.461882, 1
cycle: 310
average reward: 0.467742
prediction: heads, observation: heads, reward: 1
Agent is trying to choose the best action, which may take some time...
311, 1, 1, 0, False, 0.036696, 146, 0.469453, 0:00:00.470516, 1
cycle: 311
average reward: 0.469453
prediction: tails, observation: heads, reward: 0
Agent is trying to choose the best action, which may take some time...
312, 1, 0, 0, False, 0.036696, 146, 0.467949, 0:00:00.455988, 1
cycle: 312
average reward: 0.467949
prediction: tails, observation: heads, reward: 0
Agent is trying to choose the best action, which may take some time...
313, 1, 0, 1, False, 0.036696, 146, 0.466454, 0:00:00.457789, 1
cycle: 313
average reward: 0.466454
prediction: heads, observation: heads, reward: 1
Agent is trying to choose the best action, which may take some time...
314, 1, 1, 1, False, 0.036696, 147, 0.468153, 0:00:00.455332, 1
cycle: 314
average reward: 0.468153
prediction: heads, observation: heads, reward: 1
Agent is trying to choose the best action, which may take some time...
315, 1, 1, 0, False, 0.036696, 148, 0.469841, 0:00:00.458979, 1
cycle: 315
average reward: 0.469841
prediction: tails, observation: heads, reward: 0
Agent is trying to choose the best action, which may take some time...
316, 1, 0, 1, False, 0.036696, 148, 0.468354, 0:00:00.458360, 1
cycle: 316
average reward: 0.468354
prediction: heads, observation: tails, reward: 0
Agent is trying to choose the best action, which may take some time...
317, 0, 0, 0, False, 0.036696, 148, 0.466877, 0:00:00.457373, 1
cycle: 317
average reward: 0.466877
prediction: tails, observation: heads, reward: 0
Agent is trying to choose the best action, which may take some time...
318, 1, 0, 0, False, 0.036696, 148, 0.465409, 0:00:00.462823, 1
cycle: 318
average reward: 0.465409
prediction: tails, observation: heads, reward: 0
Agent is trying to choose the best action, which may take some time...
319, 1, 0, 0, False, 0.036696, 148, 0.463950, 0:00:00.469659, 1
cycle: 319
average reward: 0.463950
prediction: tails, observation: heads, reward: 0
Agent is trying to choose the best action, which may take some time...
320, 1, 0, 1, False, 0.036696, 148, 0.462500, 0:00:00.458198, 1
cycle: 320
average reward: 0.462500
prediction: heads, observation: heads, reward: 1
Agent is trying to choose the best action, which may take some time...
321, 1, 1, 1, False, 0.036696, 149, 0.464174, 0:00:00.464438, 1
cycle: 321
average reward: 0.464174
prediction: heads, observation: heads, reward: 1
Agent is trying to choose the best action, which may take some time...
322, 1, 1, 1, False, 0.036696, 150, 0.465839, 0:00:00.462829, 1
cycle: 322
average reward: 0.465839
prediction: heads, observation: heads, reward: 1
Agent is trying to choose the best action, which may take some time...
323, 1, 1, 1, False, 0.036696, 151, 0.467492, 0:00:00.456777, 1
cycle: 323
average reward: 0.467492
prediction: heads, observation: heads, reward: 1
Agent is trying to choose the best action, which may take some time...
324, 1, 1, 1, False, 0.036696, 152, 0.469136, 0:00:00.457796, 1
cycle: 324
average reward: 0.469136
prediction: heads, observation: heads, reward: 1
Agent is trying to choose the best action, which may take some time...
325, 1, 1, 1, False, 0.036696, 153, 0.470769, 0:00:00.471337, 1
cycle: 325
average reward: 0.470769
prediction: heads, observation: heads, reward: 1
Agent is trying to choose the best action, which may take some time...
326, 1, 1, 0, False, 0.036696, 154, 0.472393, 0:00:00.458608, 1
cycle: 326
average reward: 0.472393
prediction: tails, observation: heads, reward: 0
Agent is trying to choose the best action, which may take some time...
327, 1, 0, 1, False, 0.036696, 154, 0.470948, 0:00:00.458147, 1
cycle: 327
average reward: 0.470948
prediction: heads, observation: heads, reward: 1
Agent is trying to choose the best action, which may take some time...
328, 1, 1, 0, False, 0.036696, 155, 0.472561, 0:00:00.459149, 1
cycle: 328
average reward: 0.472561
prediction: tails, observation: tails, reward: 1
Agent is trying to choose the best action, which may take some time...
329, 0, 1, 1, False, 0.036696, 156, 0.474164, 0:00:00.458389, 1
cycle: 329
average reward: 0.474164
prediction: heads, observation: heads, reward: 1
Agent is trying to choose the best action, which may take some time...
330, 1, 1, 1, False, 0.036696, 157, 0.475758, 0:00:00.459428, 1
cycle: 330
average reward: 0.475758
prediction: heads, observation: heads, reward: 1
Agent is trying to choose the best action, which may take some time...
331, 1, 1, 0, False, 0.036696, 158, 0.477341, 0:00:00.462000, 1
cycle: 331
average reward: 0.477341
prediction: tails, observation: heads, reward: 0
Agent is trying to choose the best action, which may take some time...
332, 1, 0, 0, False, 0.036696, 158, 0.475904, 0:00:00.482210, 1
cycle: 332
average reward: 0.475904
prediction: tails, observation: heads, reward: 0
Agent is trying to choose the best action, which may take some time...
333, 1, 0, 0, False, 0.036696, 158, 0.474474, 0:00:00.509010, 1
cycle: 333
average reward: 0.474474
prediction: tails, observation: heads, reward: 0
Agent is trying to choose the best action, which may take some time...
334, 1, 0, 1, False, 0.036696, 158, 0.473054, 0:00:00.563749, 1
cycle: 334
average reward: 0.473054
prediction: heads, observation: heads, reward: 1
Agent is trying to choose the best action, which may take some time...
335, 1, 1, 0, False, 0.036696, 159, 0.474627, 0:00:00.574228, 1
cycle: 335
average reward: 0.474627
prediction: tails, observation: tails, reward: 1
Agent is trying to choose the best action, which may take some time...
336, 0, 1, 1, False, 0.036696, 160, 0.476190, 0:00:00.547371, 1
cycle: 336
average reward: 0.476190
prediction: heads, observation: heads, reward: 1
Agent is trying to choose the best action, which may take some time...
337, 1, 1, 0, False, 0.036696, 161, 0.477745, 0:00:00.488507, 1
cycle: 337
average reward: 0.477745
prediction: tails, observation: tails, reward: 1
Agent is trying to choose the best action, which may take some time...
338, 0, 1, 1, False, 0.036696, 162, 0.479290, 0:00:00.507925, 1
cycle: 338
average reward: 0.479290
prediction: heads, observation: heads, reward: 1
Agent is trying to choose the best action, which may take some time...
339, 1, 1, 0, False, 0.036696, 163, 0.480826, 0:00:00.495861, 1
cycle: 339
average reward: 0.480826
prediction: tails, observation: heads, reward: 0
Agent is trying to choose the best action, which may take some time...
340, 1, 0, 1, False, 0.036696, 163, 0.479412, 0:00:00.555653, 1
cycle: 340
average reward: 0.479412
prediction: heads, observation: heads, reward: 1
Agent is trying to choose the best action, which may take some time...
341, 1, 1, 1, False, 0.036696, 164, 0.480938, 0:00:00.519901, 1
cycle: 341
average reward: 0.480938
prediction: heads, observation: heads, reward: 1
Agent is trying to choose the best action, which may take some time...
342, 1, 1, 1, False, 0.036696, 165, 0.482456, 0:00:00.517235, 1
cycle: 342
average reward: 0.482456
prediction: heads, observation: heads, reward: 1
Agent is trying to choose the best action, which may take some time...
343, 1, 1, 1, False, 0.036696, 166, 0.483965, 0:00:00.507424, 1
cycle: 343
average reward: 0.483965
prediction: heads, observation: heads, reward: 1
Agent is trying to choose the best action, which may take some time...
344, 1, 1, 0, False, 0.036696, 167, 0.485465, 0:00:00.482332, 1
cycle: 344
average reward: 0.485465
prediction: tails, observation: heads, reward: 0
Agent is trying to choose the best action, which may take some time...
345, 1, 0, 0, False, 0.036696, 167, 0.484058, 0:00:00.501594, 1
cycle: 345
average reward: 0.484058
prediction: tails, observation: heads, reward: 0
Agent is trying to choose the best action, which may take some time...
346, 1, 0, 1, False, 0.036696, 167, 0.482659, 0:00:00.459984, 1
cycle: 346
average reward: 0.482659
prediction: heads, observation: heads, reward: 1
Agent is trying to choose the best action, which may take some time...
347, 1, 1, 1, False, 0.036696, 168, 0.484150, 0:00:00.470422, 1
cycle: 347
average reward: 0.484150
prediction: heads, observation: heads, reward: 1
Agent is trying to choose the best action, which may take some time...
348, 1, 1, 0, False, 0.036696, 169, 0.485632, 0:00:00.464194, 1
cycle: 348
average reward: 0.485632
prediction: tails, observation: heads, reward: 0
Agent is trying to choose the best action, which may take some time...
349, 1, 0, 1, False, 0.036696, 169, 0.484241, 0:00:00.493708, 1
cycle: 349
average reward: 0.484241
prediction: heads, observation: heads, reward: 1
Agent is trying to choose the best action, which may take some time...
350, 1, 1, 1, False, 0.036696, 170, 0.485714, 0:00:00.494258, 1
cycle: 350
average reward: 0.485714
prediction: heads, observation: heads, reward: 1
Agent is trying to choose the best action, which may take some time...
351, 1, 1, 0, False, 0.036696, 171, 0.487179, 0:00:00.493226, 1
cycle: 351
average reward: 0.487179
prediction: tails, observation: tails, reward: 1
Agent is trying to choose the best action, which may take some time...
352, 0, 1, 1, False, 0.036696, 172, 0.488636, 0:00:00.480202, 1
cycle: 352
average reward: 0.488636
prediction: heads, observation: heads, reward: 1
Agent is trying to choose the best action, which may take some time...
353, 1, 1, 0, False, 0.036696, 173, 0.490085, 0:00:00.464290, 1
cycle: 353
average reward: 0.490085
prediction: tails, observation: tails, reward: 1
Agent is trying to choose the best action, which may take some time...
354, 0, 1, 1, False, 0.036696, 174, 0.491525, 0:00:00.471911, 1
cycle: 354
average reward: 0.491525
prediction: heads, observation: heads, reward: 1
Agent is trying to choose the best action, which may take some time...
355, 1, 1, 0, False, 0.036696, 175, 0.492958, 0:00:00.517326, 1
cycle: 355
average reward: 0.492958
prediction: tails, observation: heads, reward: 0
Agent is trying to choose the best action, which may take some time...
356, 1, 0, 0, False, 0.036696, 175, 0.491573, 0:00:00.506396, 1
cycle: 356
average reward: 0.491573
prediction: tails, observation: heads, reward: 0
Agent is trying to choose the best action, which may take some time...
357, 1, 0, 1, False, 0.036696, 175, 0.490196, 0:00:00.493820, 1
cycle: 357
average reward: 0.490196
prediction: heads, observation: heads, reward: 1
Agent is trying to choose the best action, which may take some time...
358, 1, 1, 1, False, 0.036696, 176, 0.491620, 0:00:00.492168, 1
cycle: 358
average reward: 0.491620
prediction: heads, observation: heads, reward: 1
Agent is trying to choose the best action, which may take some time...
359, 1, 1, 1, False, 0.036696, 177, 0.493036, 0:00:00.494919, 1
cycle: 359
average reward: 0.493036
prediction: heads, observation: heads, reward: 1
Agent is trying to choose the best action, which may take some time...
360, 1, 1, 1, False, 0.036696, 178, 0.494444, 0:00:00.484650, 1
cycle: 360
average reward: 0.494444
prediction: heads, observation: heads, reward: 1
Agent is trying to choose the best action, which may take some time...
361, 1, 1, 1, False, 0.036696, 179, 0.495845, 0:00:00.473369, 1
cycle: 361
average reward: 0.495845
prediction: heads, observation: heads, reward: 1
Agent is trying to choose the best action, which may take some time...
362, 1, 1, 0, False, 0.036696, 180, 0.497238, 0:00:00.484075, 1
cycle: 362
average reward: 0.497238
prediction: tails, observation: heads, reward: 0
Agent is trying to choose the best action, which may take some time...
363, 1, 0, 0, False, 0.036696, 180, 0.495868, 0:00:00.500675, 1
cycle: 363
average reward: 0.495868
prediction: tails, observation: heads, reward: 0
Agent is trying to choose the best action, which may take some time...
364, 1, 0, 0, False, 0.036696, 180, 0.494505, 0:00:00.486969, 1
cycle: 364
average reward: 0.494505
prediction: tails, observation: heads, reward: 0
Agent is trying to choose the best action, which may take some time...
365, 1, 0, 1, False, 0.036696, 180, 0.493151, 0:00:00.496227, 1
cycle: 365
average reward: 0.493151
prediction: heads, observation: heads, reward: 1
Agent is trying to choose the best action, which may take some time...
366, 1, 1, 1, False, 0.036696, 181, 0.494536, 0:00:00.465786, 1
cycle: 366
average reward: 0.494536
prediction: heads, observation: heads, reward: 1
Agent is trying to choose the best action, which may take some time...
367, 1, 1, 1, False, 0.036696, 182, 0.495913, 0:00:00.510028, 1
cycle: 367
average reward: 0.495913
prediction: heads, observation: heads, reward: 1
Agent is trying to choose the best action, which may take some time...
368, 1, 1, 0, False, 0.036696, 183, 0.497283, 0:00:00.492285, 1
cycle: 368
average reward: 0.497283
prediction: tails, observation: heads, reward: 0
Agent is trying to choose the best action, which may take some time...
369, 1, 0, 0, False, 0.036696, 183, 0.495935, 0:00:00.464009, 1
cycle: 369
average reward: 0.495935
prediction: tails, observation: heads, reward: 0
Agent is trying to choose the best action, which may take some time...
370, 1, 0, 1, False, 0.036696, 183, 0.494595, 0:00:00.497660, 1
cycle: 370
average reward: 0.494595
prediction: heads, observation: heads, reward: 1
Agent is trying to choose the best action, which may take some time...
371, 1, 1, 1, False, 0.036696, 184, 0.495957, 0:00:00.496836, 1
cycle: 371
average reward: 0.495957
prediction: heads, observation: heads, reward: 1
Agent is trying to choose the best action, which may take some time...
372, 1, 1, 1, False, 0.036696, 185, 0.497312, 0:00:00.508022, 1
cycle: 372
average reward: 0.497312
prediction: heads, observation: heads, reward: 1
Agent is trying to choose the best action, which may take some time...
373, 1, 1, 1, False, 0.036696, 186, 0.498660, 0:00:00.495803, 1
cycle: 373
average reward: 0.498660
prediction: heads, observation: heads, reward: 1
Agent is trying to choose the best action, which may take some time...
374, 1, 1, 0, False, 0.036696, 187, 0.500000, 0:00:00.496889, 1
cycle: 374
average reward: 0.500000
prediction: tails, observation: heads, reward: 0
Agent is trying to choose the best action, which may take some time...
375, 1, 0, 0, False, 0.036696, 187, 0.498667, 0:00:00.497440, 1
cycle: 375
average reward: 0.498667
prediction: tails, observation: heads, reward: 0
Agent is trying to choose the best action, which may take some time...
376, 1, 0, 1, False, 0.036696, 187, 0.497340, 0:00:00.504980, 1
cycle: 376
average reward: 0.497340
prediction: heads, observation: heads, reward: 1
Agent is trying to choose the best action, which may take some time...
377, 1, 1, 0, False, 0.036696, 188, 0.498674, 0:00:00.539432, 1
cycle: 377
average reward: 0.498674
prediction: tails, observation: heads, reward: 0
Agent is trying to choose the best action, which may take some time...
378, 1, 0, 0, False, 0.036696, 188, 0.497354, 0:00:00.475857, 1
cycle: 378
average reward: 0.497354
prediction: tails, observation: heads, reward: 0
Agent is trying to choose the best action, which may take some time...
379, 1, 0, 0, False, 0.036696, 188, 0.496042, 0:00:00.475348, 1
cycle: 379
average reward: 0.496042
prediction: tails, observation: tails, reward: 1
Agent is trying to choose the best action, which may take some time...
380, 0, 1, 1, False, 0.036696, 189, 0.497368, 0:00:00.507090, 1
cycle: 380
average reward: 0.497368
prediction: heads, observation: heads, reward: 1
Agent is trying to choose the best action, which may take some time...
381, 1, 1, 1, False, 0.036696, 190, 0.498688, 0:00:00.495616, 1
cycle: 381
average reward: 0.498688
prediction: heads, observation: heads, reward: 1
Agent is trying to choose the best action, which may take some time...
382, 1, 1, 0, False, 0.036696, 191, 0.500000, 0:00:00.519327, 1
cycle: 382
average reward: 0.500000
prediction: tails, observation: heads, reward: 0
Agent is trying to choose the best action, which may take some time...
383, 1, 0, 0, False, 0.036696, 191, 0.498695, 0:00:00.478026, 1
cycle: 383
average reward: 0.498695
prediction: tails, observation: tails, reward: 1
Agent is trying to choose the best action, which may take some time...
384, 0, 1, 0, False, 0.036696, 192, 0.500000, 0:00:00.532893, 1
cycle: 384
average reward: 0.500000
prediction: tails, observation: heads, reward: 0
Agent is trying to choose the best action, which may take some time...
385, 1, 0, 0, False, 0.036696, 192, 0.498701, 0:00:00.499963, 1
cycle: 385
average reward: 0.498701
prediction: tails, observation: tails, reward: 1
Agent is trying to choose the best action, which may take some time...
386, 0, 1, 1, False, 0.036696, 193, 0.500000, 0:00:00.510110, 1
cycle: 386
average reward: 0.500000
prediction: heads, observation: heads, reward: 1
Agent is trying to choose the best action, which may take some time...
387, 1, 1, 0, False, 0.036696, 194, 0.501292, 0:00:00.497540, 1
cycle: 387
average reward: 0.501292
prediction: tails, observation: heads, reward: 0
Agent is trying to choose the best action, which may take some time...
388, 1, 0, 0, False, 0.036696, 194, 0.500000, 0:00:00.474198, 1
cycle: 388
average reward: 0.500000
prediction: tails, observation: heads, reward: 0
Agent is trying to choose the best action, which may take some time...
389, 1, 0, 0, False, 0.036696, 194, 0.498715, 0:00:00.481673, 1
cycle: 389
average reward: 0.498715
prediction: tails, observation: heads, reward: 0
Agent is trying to choose the best action, which may take some time...
390, 1, 0, 1, False, 0.036696, 194, 0.497436, 0:00:00.483276, 1
cycle: 390
average reward: 0.497436
prediction: heads, observation: heads, reward: 1
Agent is trying to choose the best action, which may take some time...
391, 1, 1, 0, False, 0.036696, 195, 0.498721, 0:00:00.475665, 1
cycle: 391
average reward: 0.498721
prediction: tails, observation: heads, reward: 0
Agent is trying to choose the best action, which may take some time...
392, 1, 0, 1, False, 0.036696, 195, 0.497449, 0:00:00.475332, 1
cycle: 392
average reward: 0.497449
prediction: heads, observation: heads, reward: 1
Agent is trying to choose the best action, which may take some time...
393, 1, 1, 0, False, 0.036696, 196, 0.498728, 0:00:00.523161, 1
cycle: 393
average reward: 0.498728
prediction: tails, observation: heads, reward: 0
Agent is trying to choose the best action, which may take some time...
394, 1, 0, 0, False, 0.036696, 196, 0.497462, 0:00:00.481057, 1
cycle: 394
average reward: 0.497462
prediction: tails, observation: heads, reward: 0
Agent is trying to choose the best action, which may take some time...
395, 1, 0, 1, False, 0.036696, 196, 0.496203, 0:00:00.481963, 1
cycle: 395
average reward: 0.496203
prediction: heads, observation: heads, reward: 1
Agent is trying to choose the best action, which may take some time...
396, 1, 1, 1, False, 0.036696, 197, 0.497475, 0:00:00.466819, 1
cycle: 396
average reward: 0.497475
prediction: heads, observation: heads, reward: 1
Agent is trying to choose the best action, which may take some time...
397, 1, 1, 0, False, 0.036696, 198, 0.498741, 0:00:00.465673, 1
cycle: 397
average reward: 0.498741
prediction: tails, observation: tails, reward: 1
Agent is trying to choose the best action, which may take some time...
398, 0, 1, 0, False, 0.036696, 199, 0.500000, 0:00:00.498485, 1
cycle: 398
average reward: 0.500000
prediction: tails, observation: tails, reward: 1
Agent is trying to choose the best action, which may take some time...
399, 0, 1, 1, False, 0.036696, 200, 0.501253, 0:00:00.477583, 1
cycle: 399
average reward: 0.501253
prediction: heads, observation: heads, reward: 1
Agent is trying to choose the best action, which may take some time...
400, 1, 1, 1, False, 0.036696, 201, 0.502500, 0:00:00.489473, 1
cycle: 400
average reward: 0.502500
prediction: heads, observation: heads, reward: 1
Agent is trying to choose the best action, which may take some time...
401, 1, 1, 1, False, 0.036696, 202, 0.503741, 0:00:00.468024, 1
cycle: 401
average reward: 0.503741
prediction: heads, observation: heads, reward: 1
SUMMARY:
agent age: 401
average reward: 0.503741
